[0mPOST /login/signup [32m200 [0m252.845 ms - 67[0m
[0mPOST /login/signup [32m200 [0m213.818 ms - 68[0m
[0mPOST /login/signin [32m200 [0m228.322 ms - 184[0m
[0mPOST /auth/devices/ [32m201 [0m88.189 ms - 55[0m
[0mPOST /auth/devices/ [32m201 [0m6.811 ms - 55[0m
[0mPOST /auth/devices/ [32m201 [0m10.761 ms - 55[0m
[0mGET /auth/devices/ [33m401 [0m2.195 ms - -[0m
[0mGET /auth/devices/ [32m200 [0m12.075 ms - 200[0m
[0mGET /auth/users/ [32m200 [0m12.165 ms - 625[0m
[0mPOST /auth/users/5a7edbdcfa5e021ada958894/5a7edd4afa5e021ada958896 [32m200 [0m10.147 ms - 4[0m
[0mPOST /auth/users/5a7edbdcfa5e021ada958894/5a7edd4afa5e021ada958896 [0m- [0m- ms - -[0m
[0mPOST /auth/users/5a7edbdcfa5e021ada958894/5a7edd4ffa5e021ada958897 [32m200 [0m11.242 ms - 4[0m
[0mPOST /auth/users/5a7edbdcfa5e021ada958894/5a7edd4ffa5e021ada958897 [0m- [0m- ms - -[0m
[0mPOST /auth/users/5a7edbdcfa5e021ada958894/5a7edd53fa5e021ada958898 [32m200 [0m9.925 ms - 4[0m
[0mPOST /auth/users/5a7edbdcfa5e021ada958894/5a7edd53fa5e021ada958898 [0m- [0m- ms - -[0m
[0mPOST /auth/users/5a7edbdcfa5e021ada958894/5a7edd53fa5e021ada958898 [32m200 [0m3927.200 ms - 6[0m
[0mPOST /auth/users/5a7edbdcfa5e021ada958894/5a7edd53fa5e021ada958898 [32m200 [0m3200.557 ms - 6[0m
[0mPOST /auth/users/5a7edbdcfa5e021ada958894/5a7edd53fa5e021ada958898 [32m200 [0m3095.262 ms - 6[0m
[0mPOST /auth/users/5a7edbdcfa5e021ada958894/5a7edd53fa5e021ada958898 [32m200 [0m4813.078 ms - 6[0m
[0mPOST /login/signup [32m200 [0m249.032 ms - 68[0m
[0mPOST /login/signup [32m200 [0m222.403 ms - 67[0m
[0mPOST /login/signin [32m200 [0m223.793 ms - 184[0m
[0mGET /auth/users/ [32m200 [0m12.004 ms - 401[0m
[0mGET /auth/devices/ [32m200 [0m8.966 ms - 200[0m
[0mPOST /auth/users/5a7ef1fe43dca31c512e6ee5/5a7edd4afa5e021ada958896 [33m401 [0m20.360 ms - -[0m
[0mPOST /auth/users/5a7ef1fe43dca31c512e6ee5/5a7edd4afa5e021ada958896 [32m200 [0m23.022 ms - 3[0m
[0mPOST /auth/users/5a7ef1fe43dca31c512e6ee5/5a7edd4afa5e021ada958896 [32m200 [0m51.455 ms - 4[0m
[0mPOST /auth/users/5a7ef1fe43dca31c512e6ee5/5a7edd4afa5e021ada958896 [32m200 [0m39.559 ms - 6[0m
[0mPOST /auth/users/5a7ef1fe43dca31c512e6ee5/5a7edd4afa5e021ada958896 [32m200 [0m44.433 ms - 6[0m
[0mPOST /login/signup [32m200 [0m243.647 ms - 67[0m
[0mGET /auth/devices/ [32m200 [0m13.565 ms - 200[0m
[0mGET /auth/users/ [32m200 [0m5.291 ms - 401[0m
[0mPOST /auth/users/5a7ef45743f3a41d5a3fe27a/5a7edd4afa5e021ada958896 [32m200 [0m17.781 ms - 4[0m
[0mPOST /auth/users/5a7ef45743f3a41d5a3fe27a/5a7edd4afa5e021ada958896 [32m200 [0m7.989 ms - 6[0m
[0mPOST /auth/users/5a7ef45743f3a41d5a3fe27a/5a7edd4afa5e021ada958896 [32m200 [0m36.087 ms - 6[0m
[0mPOST /auth/users/5a7ef45743f3a41d5a3fe27a/5a7edd4afa5e021ada958896 [32m200 [0m34.167 ms - 6[0m
[0mPOST /auth/users/5a7ef45743f3a41d5a3fe27a/5a7edd4afa5e021ada958896 [32m200 [0m31.820 ms - 6[0m
[0mPOST /auth/users/5a7ef45743f3a41d5a3fe27a/5a7edd4afa5e021ada958896 [32m200 [0m47.170 ms - 299[0m
[0mPOST /auth/users/5a7ef45743f3a41d5a3fe27a/5a7edd4afa5e021ada958896 [32m200 [0m45.877 ms - 264[0m
[0mPOST /auth/users/5a7ef45743f3a41d5a3fe27a/5a7edd4afa5e021ada958896 [32m200 [0m32.743 ms - 264[0m
[0mPOST /auth/users/5a7ef45743f3a41d5a3fe27a/5a7edd4afa5e021ada958896 [32m200 [0m33.443 ms - 264[0m
[0mPOST /auth/users/5a7ef45743f3a41d5a3fe27a/5a7edd4afa5e021ada958896 [32m200 [0m33.329 ms - 272[0m
[0mPOST /auth/users/5a7ef45743f3a41d5a3fe27a/5a7edd4afa5e021ada958896 [32m200 [0m42.113 ms - 244[0m
[0mPOST /auth/users/5a7ef45743f3a41d5a3fe27a/5a7edd4afa5e021ada958896 [32m200 [0m44.744 ms - 28[0m
[0mPOST /auth/users/5a7ef45743f3a41d5a3fe27a/5a7edd4afa5e021ada958896 [32m200 [0m8.736 ms - 28[0m
[0mPOST /auth/users/5a7ef45743f3a41d5a3fe27a/5a7edd4afa5e021ada958896 [32m200 [0m7.458 ms - 28[0m
[0mPOST /auth/users/5a7ef45743f3a41d5a3fe27a/5a7edd4afa5e021ada958896 [32m200 [0m45.155 ms - 28[0m
[0mPOST /auth/users/5a7ef45743f3a41d5a3fe27a/5a7edd4afa5e021ada958896 [32m200 [0m9.064 ms - 28[0m
[0mPOST /auth/users/5a7ef45743f3a41d5a3fe27a/5a7edd4afa5e021ada958896 [32m200 [0m37.226 ms - 28[0m
[0mPOST /auth/users/5a7ef45743f3a41d5a3fe27a/5a7edd4afa5e021ada958896 [32m200 [0m11.674 ms - 28[0m
[0mGET /auth/users/ [32m200 [0m6.700 ms - 202[0m
[0mPOST /login/signup [32m200 [0m236.741 ms - 67[0m
[0mGET /auth/users/ [32m200 [0m4.489 ms - 401[0m
[0mPOST /auth/users/5a7ef9a8041de61e98aedca7/5a7edd4afa5e021ada958896 [32m200 [0m15.735 ms - 4[0m
[0mPOST /auth/users/5a7ef9a8041de61e98aedca7/5a7edd4afa5e021ada958896 [32m200 [0m8.186 ms - 28[0m
[0mPOST /auth/users/5a7ef9a8041de61e98aedca7/5a7edd4afa5e021ada958896 [32m200 [0m6.657 ms - 28[0m
[0mPOST /login/signin [32m200 [0m267.702 ms - 184[0m
[0mGET /auth/devices/ [32m200 [0m20.495 ms - 200[0m
[0mPOST /login/signin [32m200 [0m245.883 ms - 183[0m
[0mPOST /test/5a7edd4afa5e021ada958896/start [33m400 [0m6.912 ms - 64[0m
[0mPOST /test/5a7edd4afa5e021ada958896/start [32m200 [0m28.000 ms - 38[0m
[0mPOST /test/5a7edd4afa5e021ada958896/stop [32m200 [0m6.837 ms - 38[0m
[0mPOST /test/5a7edd4afa5e021ada958896/restart [33m400 [0m4.772 ms - 64[0m
[0mPOST /login/signup [32m200 [0m263.207 ms - 67[0m
[0mPOST /login/signin [32m200 [0m222.746 ms - 183[0m
[0mPOST /test/5a7edd4afa5e021ada958896/restart [33m400 [0m3.094 ms - 64[0m
[0mPOST /test/5a7edd4afa5e021ada958896/start [32m200 [0m3.804 ms - 38[0m
[0mPOST /test/5a7edd4afa5e021ada958896/start [32m200 [0m25.884 ms - 38[0m
[0mPOST /test/5a7edd4afa5e021ada958896/start [32m200 [0m19.631 ms - 38[0m
[0mPOST /test/5a7edd4afa5e021ada958896/start [32m200 [0m18.155 ms - 38[0m
[0mPOST /test/5a7edd4afa5e021ada958896/start [32m200 [0m18.782 ms - 38[0m
[0mGET /auth/users/ [33m401 [0m6.952 ms - -[0m
[0mPOST /login/signin [32m200 [0m251.472 ms - 184[0m
[0mGET /auth/users/ [32m200 [0m19.868 ms - 665[0m
[0mGET /auth/users/ [32m200 [0m25.804 ms - 665[0m
[0mPOST /test/5a7edd4afa5e021ada958896/start [32m200 [0m6.828 ms - 38[0m
[0mGET /test/ [33m404 [0m286.158 ms - 1610[0m
[0mGET /test/ [32m200 [0m6.914 ms - -[0m
[0mPOST /login/signin [32m200 [0m282.096 ms - 183[0m
[0mPOST /test/5a7edd4afa5e021ada958896/start [33m404 [0m317.990 ms - 1628[0m
[0mPOST /auth/test/5a7edd4afa5e021ada958896/start [32m200 [0m26.869 ms - 38[0m
[0mPOST /auth/test/5a7edd4afa5e021ada958896/start [32m200 [0m26.096 ms - 3[0m
[0mPOST /auth/test/5a7edd4afa5e021ada958896/start [33m400 [0m25.075 ms - 64[0m
[0mPOST /login/signin [32m200 [0m250.329 ms - 183[0m
[0mPOST /auth/test/5a7edd4afa5e021ada958896/start [33m400 [0m11.980 ms - 64[0m
[0mPOST /auth/test/5a7edd4afa5e021ada958896/start [33m400 [0m27.024 ms - 64[0m
[0mPOST /auth/test/5a7edd4afa5e021ada958896/restart [33m400 [0m9.440 ms - 64[0m
[0mPOST /auth/test/5a7edd4afa5e021ada958896/restart [33m400 [0m31.232 ms - 64[0m
[0mPOST /auth/test/5a7edd4afa5e021ada958896/start [33m400 [0m11.139 ms - 64[0m
[0mPOST /auth/test/5a7edd4afa5e021ada958896/start [32m200 [0m46.033 ms - 3[0m
[0mPOST /auth/test/5a7edd4afa5e021ada958896/restart [32m200 [0m13.875 ms - 3[0m
[0mPOST /auth/test/5a7edd4afa5e021ada958896/stop [32m200 [0m9.842 ms - 3[0m
[0mPOST /auth/test/5a7edd4afa5e021ada958896/stop [32m200 [0m30.652 ms - 38[0m
[0mPOST /auth/test/5a7edd4afa5e021ada958896/restart [32m200 [0m14.444 ms - 38[0m
[0mPOST /auth/test/5a7edd4afa5e021ada958896/start [32m200 [0m12.569 ms - 38[0m
[0mPOST /login/signin [32m200 [0m255.515 ms - 183[0m
[0mPOST /auth/test/5a7edd4afa5e021ada958896/start [32m200 [0m11.413 ms - 38[0m
[0mPOST /auth/test/5a7edd4afa5e021ada958896/start [32m200 [0m45.041 ms - 38[0m
[0mPOST /auth/test/5a7edd4afa5e021ada958896/start [32m200 [0m41.455 ms - 38[0m
[0mPOST /auth/test/5a7edd4afa5e021ada958896/start [32m200 [0m25.604 ms - 38[0m
[0mPOST /auth/test/5a7edd4afa5e021ada958896/start [32m200 [0m37.187 ms - 38[0m
[0mPOST /auth/test/5a7edd4afa5e021ada958896/start [32m200 [0m37.760 ms - 38[0m
[0mPOST /auth/test/5a7edd4afa5e021ada958896/start [32m200 [0m29.198 ms - 38[0m
[0mPOST /auth/test/5a7edd4afa5e021ada958896/start [32m200 [0m30.471 ms - 38[0m
[0mPOST /auth/test/5a7edd4afa5e021ada958896/start [32m200 [0m53.687 ms - 38[0m
[0mPOST /auth/test/5a7edd4afa5e021ada958896/start [32m200 [0m27.399 ms - 38[0m
[0mPOST /auth/test/5a7edd4afa5e021ada958896/start [33m400 [0m36.809 ms - 64[0m
[0mPOST /login/signin [32m200 [0m276.519 ms - 183[0m
[0mPOST /auth/test/5a7edd4afa5e021ada958896/start [33m400 [0m14.084 ms - 64[0m
[0mPOST /auth/test/5a7edd4afa5e021ada958896/start [32m200 [0m41.131 ms - 38[0m
[0mPOST /login/signin [32m200 [0m250.862 ms - 183[0m
[0mPOST /auth/test/5a7edd4afa5e021ada958896/start [32m200 [0m16.926 ms - 38[0m
[0mPOST /auth/test/5a7edd4afa5e021ada958896/start [33m400 [0m36.391 ms - 64[0m
[0mPOST /auth/test/5a7edd4afa5e021ada958896/stop [33m400 [0m13.968 ms - 64[0m
[0mPOST /auth/test/5a7edd4afa5e021ada958896/restart [33m400 [0m12.639 ms - 64[0m
[0mPOST /login/signin [32m200 [0m251.309 ms - 183[0m
[0mPOST /auth/test/5a7edd4afa5e021ada958896/restart [33m400 [0m9.209 ms - 64[0m
[0mPOST /auth/test/5a7edd4afa5e021ada958896/start [33m400 [0m13.739 ms - 64[0m
[0mPOST /auth/test/5a7edd4afa5e021ada958896/start [33m400 [0m46.839 ms - 64[0m
[0mPOST /auth/test/5a7edd4afa5e021ada958896/start [33m400 [0m32.428 ms - 64[0m
[0mPOST /auth/test/5a7edd4afa5e021ada958896/start [33m400 [0m39.677 ms - 64[0m
[0mPOST /auth/test/5a7edd4afa5e021ada958896/start [33m400 [0m7.626 ms - 64[0m
[0mPOST /auth/test/5a7edd4afa5e021ada958896/start [33m400 [0m35.613 ms - 64[0m
[0mPOST /auth/test/5a7edd4afa5e021ada958896/start [33m400 [0m30.051 ms - 64[0m
[0mPOST /auth/test/5a7edd4afa5e021ada958896/start [33m400 [0m27.084 ms - 64[0m
[0mPOST /auth/test/5a7edd4afa5e021ada958896/start [0m- [0m- ms - -[0m
[0mPOST /auth/test/5a7edd4afa5e021ada958896/start [0m- [0m- ms - -[0m
[0mPOST /auth/test/5a7edd4afa5e021ada958896/start [33m400 [0m27.068 ms - 64[0m
[0mPOST /auth/test/5a7edd4afa5e021ada958896/start [33m400 [0m58.877 ms - 67[0m
[0mPOST /auth/test/5a7edd4afa5e021ada958896/start [33m400 [0m43.493 ms - 67[0m
[0mPOST /auth/test/5a7edd4afa5e021ada958896/start [33m400 [0m33.589 ms - 67[0m
[0mPOST /auth/test/5a7edd4afa5e021ada958896/start [33m400 [0m41.838 ms - 67[0m
[0mPOST /auth/test/5a7edd4afa5e021ada958896/start [33m400 [0m41.126 ms - 67[0m
[0mPOST /auth/test/5a7edd4afa5e021ada958896/start [32m200 [0m24.605 ms - 13[0m
[0mPOST /auth/test/5a7edd4afa5e021ada958896/start [33m400 [0m28.843 ms - 67[0m
[0mPOST /auth/test/5a7edd4afa5e021ada958896/start [32m200 [0m25.997 ms - 13[0m
[0mPOST /auth/test/5a7edd4afa5e021ada958896/start [32m200 [0m33.847 ms - 13[0m
[0mPOST /auth/test/5a7edd4afa5e021ada958896/start [32m200 [0m40.750 ms - 13[0m
[0mPOST /auth/test/5a7edd4afa5e021ada958896/start [33m400 [0m31.103 ms - 67[0m
[0mPOST /auth/test/5a7edd4afa5e021ada958896/start [33m400 [0m16.793 ms - 67[0m
[0mPOST /auth/test/5a7edd4afa5e021ada958896/start [33m400 [0m29.166 ms - 49[0m
[0mPOST /auth/test/5a7edd4afa5e021ada958896/restart [33m400 [0m19.307 ms - 49[0m
[0mPOST /login/signin [32m200 [0m264.007 ms - 183[0m
[0mPOST /auth/test/5a7edd4afa5e021ada958896/restart [33m400 [0m32.857 ms - 64[0m
[0mPOST /auth/test/5a7edd4afa5e021ada958896/start [33m400 [0m7.375 ms - 64[0m
[0mPOST /auth/test/5a7edd4afa5e021ada958896/start [33m400 [0m26.092 ms - 64[0m
[0mPOST /auth/test/5a7edd4afa5e021ada958896/restart [33m400 [0m6.666 ms - 64[0m
[0mPOST /auth/test/5a7edd4afa5e021ada958896/start [33m400 [0m10.669 ms - 64[0m
[0mPOST /auth/test/5a7edd4afa5e021ada958896/start [32m200 [0m28.856 ms - 38[0m
[0mPOST /auth/test/5a7edd4afa5e021ada958896/restart [33m400 [0m26.629 ms - 64[0m
[0mPOST /login/signin [32m200 [0m250.667 ms - 183[0m
[0mPOST /auth/test/5a7edd4afa5e021ada958896/restart [33m400 [0m6.381 ms - 64[0m
[0mPOST /auth/test/5a7edd4afa5e021ada958896/start [32m200 [0m12.312 ms - 38[0m
[0mPOST /auth/test/5a7edd4afa5e021ada958896/start [32m200 [0m13.405 ms - 38[0m
[0mPOST /auth/test/5a7edd4afa5e021ada958896/start [32m200 [0m29.509 ms - 38[0m
[0mPOST /auth/test/5a7edd4afa5e021ada958896/start [32m200 [0m39.932 ms - 38[0m
[0mPOST /auth/test/5a7edd4afa5e021ada958896/start [32m200 [0m8.183 ms - 38[0m
[0mPOST /auth/test/5a7edd4afa5e021ada958896/start [33m400 [0m39.540 ms - 64[0m
[0mPOST /auth/test/5a7edd4afa5e021ada958896/start [32m200 [0m48.583 ms - 38[0m
[0mPOST /auth/test/5a7edd4afa5e021ada958896/lox [33m400 [0m7.215 ms - 64[0m
[0mPOST /auth/test/5a7edd4afa5e021ada95889s6/lox [33m401 [0m6.541 ms - 30[0m
[0mPOST /auth/test/5a7edd4afa5e021ada958896/loxs [33m400 [0m10.176 ms - 64[0m
[0mPOST /auth/test/5a7edd4ffa5e021ada958897/loxs [33m400 [0m12.264 ms - 64[0m
[0mPOST /auth/test/5a7edd4ffa5e021ada958897/start [33m400 [0m5.889 ms - 64[0m
[0mPOST /auth/test/5a7edd4ffa5e021ada958897/start [33m400 [0m7.910 ms - 64[0m
[0mPOST /auth/test/5a7edd4afa5e021ada958896/start [32m200 [0m7.897 ms - 38[0m
[0mPOST /auth/test/5a7edd4afa5e021ada958896/start [32m200 [0m26.851 ms - 38[0m
[0mPOST /auth/test/5a7edd4afa5e021ada958896/start [32m200 [0m30.879 ms - 38[0m
[0mPOST /auth/test/5a7edd4afa5e021ada958896/start [32m200 [0m60.740 ms - 38[0m
[0mPOST /auth/test/5a7edd4afa5e021ada958896/start [32m200 [0m26.264 ms - 38[0m
[0mPOST /auth/test/5a7edd4afa5e021ada958896/start [33m401 [0m37.764 ms - 30[0m
[0mPOST /auth/test/5a7edd4afa5e021ada958896/start [33m401 [0m12.431 ms - 30[0m
[0mPOST /auth/test/5a7edd4afa5e021ada958896/start [33m401 [0m4.546 ms - 30[0m
[0mPOST /auth/test/5a7edd4afa5e021ada958896/start [33m401 [0m34.814 ms - 30[0m
[0mPOST /login/signin [32m200 [0m255.933 ms - 184[0m
[0mGET /auth/devices/ [32m200 [0m8.172 ms - 200[0m
[0mPOST /auth/test/5a7edd4afa5e021ada958896/start [33m401 [0m7.446 ms - 30[0m
[0mGET /login/signin [33m404 [0m4291.545 ms - 1610[0m
[0mPOST /login/signin [33m401 [0m23.259 ms - 83[0m
[0mPOST /login/signin [32m200 [0m260.958 ms - 183[0m
[0mGET /auth/users/ [32m200 [0m30854.851 ms - 776[0m
[0mGET /auth/users/ [32m200 [0m3382.644 ms - 776[0m
[0mPOST /login/signin [32m200 [0m274.713 ms - 183[0m
[0mGET /auth/users/ [31m500 [0m331.444 ms - 1714[0m
[0mGET /auth/users/ [31m500 [0m835.554 ms - 1714[0m
[0mGET /auth/users/ [31m500 [0m46.919 ms - 1714[0m
[0mGET /auth/users/ [31m500 [0m40.999 ms - 1714[0m
[0mGET /auth/users/ [32m200 [0m6181.213 ms - 776[0m
[0mGET /auth/users/ [32m200 [0m38982.851 ms - 776[0m
[0mGET /auth/users/ [32m200 [0m3403.260 ms - 776[0m
[0mPOST /login/signin [32m200 [0m257.340 ms - 183[0m
[0mGET /auth/users/ [32m200 [0m18458.516 ms - 776[0m
[0mGET /auth/users/ [33m401 [0m8639.458 ms - 50[0m
[0mGET /auth/users/ [33m401 [0m22098.105 ms - 50[0m
[0mGET /auth/users/ [31m501 [0m5553.478 ms - 50[0m
[0mGET /auth/users/ [31m501 [0m3018.826 ms - 50[0m
[0mGET /auth/users/ [0m- [0m- ms - -[0m
[0mGET /auth/users/ [0m- [0m- ms - -[0m
[0mGET /auth/users/ [31m501 [0m25.646 ms - 50[0m
[0mGET / [33m404 [0m294.857 ms - 1393[0m
[0mGET /stylesheets/style.css [32m200 [0m5.560 ms - 111[0m
[0mGET /favicon.ico [33m404 [0m12.253 ms - 1314[0m
[0mGET / [33m404 [0m203.654 ms - 1393[0m
[0mGET /stylesheets/style.css [36m304 [0m4.532 ms - -[0m
[0mGET /login [33m404 [0m13.939 ms - 1866[0m
[0mGET /stylesheets/style.css [36m304 [0m0.878 ms - -[0m
[0mGET /login [33m404 [0m232.379 ms - 1866[0m
[0mGET /stylesheets/style.css [36m304 [0m6.526 ms - -[0m
[0mGET /login/signup [33m404 [0m13.806 ms - 1866[0m
[0mPOST /login/signup [32m200 [0m1.716 ms - 66[0m
[0mPOST /login/signup [32m200 [0m17.982 ms - 66[0m
[0mPOST /login/signup [32m200 [0m1.680 ms - 66[0m
[0mPOST /login/signup [32m200 [0m255.546 ms - 53[0m
[0mPOST /login/signin [32m200 [0m232.981 ms - 200[0m
[0mPOST /login/signin [33m401 [0m4.030 ms - 83[0m
[0mPOST /addMe [32m200 [0m8.847 ms - 45[0m
[0mPOST /addMe [32m201 [0m5.893 ms - 55[0m
[0mGET /auth/users/ [33m401 [0m3.646 ms - -[0m
[0mGET /auth/users/ [32m200 [0m12.720 ms - 962[0m
[0mGET /auth/devices/ [32m200 [0m14.822 ms - 327[0m
[0mPOST /upload [31m500 [0m223.818 ms - 2012[0m
[0mPOST /upload [32m200 [0m4.288 ms - -[0m
[0mPOST /login/signup [32m200 [0m307.404 ms - 53[0m
[0mPOST /login/signin [32m200 [0m246.251 ms - 200[0m
[0mPOST /addMe [32m201 [0m15.377 ms - 55[0m
[0mGET /auth/users/ [32m200 [0m3275.527 ms - 200[0m
[0mGET /auth/devices/ [32m200 [0m5386.276 ms - 128[0m
[0mGET /auth/devices/5a9a5f911c7b053329208b41 [33m403 [0m3561.483 ms - 43[0m
[0mGET /auth/devices/5a9a5f911c7b053329208b41 [32m200 [0m9.689 ms - 126[0m
[0mPOST /addMe [32m201 [0m43.910 ms - 55[0m
[0mPOST /addMe [32m201 [0m4.626 ms - 55[0m
[0mPOST /addMe [32m201 [0m29.909 ms - 55[0m
[0mPOST /addMe [32m200 [0m35.067 ms - 45[0m
[0mPOST /addMe [32m201 [0m35.231 ms - 55[0m
[0mPOST /addMe [32m200 [0m8.459 ms - 45[0m
[0mGET /auth/devices/34543 [32m200 [0m29.112 ms - 91[0m
[0mPOST /contactList [32m200 [0m29.282 ms - 53[0m
[0mPOST /contactList [32m200 [0m31.928 ms - 53[0m
[0mPOST /contactList [32m200 [0m32.029 ms - 53[0m
[0mPOST /contactList [32m200 [0m35.124 ms - 53[0m
[0mPOST /contactList [32m200 [0m4.249 ms - 53[0m
[0mPOST /contactList [32m200 [0m27.252 ms - 53[0m
[0mGET /auth/devices/ [32m200 [0m28.859 ms - 185[0m
[0mPOST /contactList [32m200 [0m2.654 ms - 53[0m
[0mPOST /addMe [32m201 [0m21.307 ms - 55[0m
[0mPOST /contactList/23423423 [32m200 [0m39.965 ms - 53[0m
[0mPOST /contactList/23423423 [32m200 [0m27.740 ms - 53[0m
[0mPOST /addMe [32m201 [0m36.776 ms - 55[0m
[0mPOST /contactList/1a4a3f83197b053329208b40 [32m201 [0m92.786 ms - 63[0m
[0mPOST /login/signin [32m200 [0m283.495 ms - 200[0m
[0mGET /contactList/1a4a3f83197b053329208b40 [31m500 [0m292.066 ms - 2004[0m
[0mGET /contactList/1a4a3f83197b053329208b40 [31m500 [0m829.782 ms - 2004[0m
[0mPOST /contactList/1a4a3f83197b053329208b40 [32m201 [0m66.985 ms - 63[0m
[0mGET /auth/contactList/1a4a3f83197b053329208b40 [33m404 [0m7968.103 ms - 1072[0m
[0mGET /auth/getcontacs/1a4a3f83197b053329208b40 [32m200 [0m11863.964 ms - 227[0m
[0mGET /auth/getcontacs/1a4a3f83197b053329208b40 [32m200 [0m8440.099 ms - 453[0m
[0mGET /auth/getcontacs/ [32m200 [0m9568.530 ms - 453[0m
[0mPOST /contactList/1a4a3f83197b053329208b40 [32m200 [0m48.181 ms - 53[0m
[0mPOST /calls/1a4a3f83197b053329208b40 [33m404 [0m878.547 ms - 1884[0m
[0mPOST /calls/1a4a3f83197b053329208b40 [32m201 [0m35500.432 ms - 56[0m
[0mPOST /calls/1a4a3f83197b053329208b40 [32m201 [0m3262.646 ms - 56[0m
[0mPOST /addMe [32m201 [0m44.923 ms - 55[0m
[0mGET /auth/devices/ [33m401 [0m5.758 ms - -[0m
[0mPOST /login/signin [32m200 [0m243.781 ms - 200[0m
[0mGET /auth/devices/ [32m200 [0m12.133 ms - 249[0m
[0mPOST /contactList/7a443f84195b553379208440 [32m201 [0m4.459 ms - 63[0m
[0mGET /auth/getcontacs/ [33m401 [0m0.560 ms - -[0m
[0mGET /auth/getcontacs/ [32m200 [0m13.158 ms - 469[0m
[0mGET /auth/getcontacs/7a443f84195b553379208440 [32m200 [0m5.876 ms - 245[0m
[0mGET /auth/getcontacts/7a443f84195b553379208440 [33m401 [0m14.769 ms - -[0m
[0mPOST /login/signin [32m200 [0m257.602 ms - 200[0m
[0mGET /auth/getcontacs/ [32m200 [0m14.019 ms - 469[0m
[0mGET /auth/getcontacts/ [33m404 [0m381.657 ms - 1072[0m
[0mGET /auth/contacts/7a443f84195b553379208440 [33m401 [0m2.186 ms - -[0m
[0mPOST /calls/1a4a3f83197b053329208b40 [32m201 [0m21.742 ms - 56[0m
[0mPOST /calls/1a4a3f83197b053329208b40 [32m200 [0m10.950 ms - 46[0m
[0mPOST /notifications/1a4a3f83197b053329208b40 [33m404 [0m17.619 ms - 1884[0m
[0mPOST /notifications/1a4a3f83197b053329208b40 [32m200 [0m30.607 ms - 53[0m
[0mPOST /notifications/1a4a3f83197b053329208b40 [32m200 [0m23.621 ms - 53[0m
[0mPOST /notifications/1a4a3f83197b053329208b40 [32m200 [0m3.255 ms - 53[0m
[0mPOST /notifications/1a4a3f83197b053329208b40 [32m200 [0m30.071 ms - 53[0m
[0mPOST /notifications/1a4a3f83197b053329208b40 [32m201 [0m97.784 ms - 63[0m
[0mPOST /login/signin [32m200 [0m278.985 ms - 200[0m
[0mPOST /sms/7a443f84195b553379208440 [32m200 [0m10.654 ms - 53[0m
[0mPOST /sms/7a443f84195b553379208440 [32m200 [0m29.069 ms - 53[0m
[0mPOST /sms/7a443f84195b553379208440 [32m200 [0m28.288 ms - 46[0m
[0mPOST /sms/7a443f84195b553379208440 [32m201 [0m105.122 ms - 53[0m
[0mPOST /upload/1a4a3f83197b053329208b40 [32m200 [0m32.501 ms - 300[0m
[0mGET /upload/1a4a3f83197b053329208b40 [33m404 [0m34.398 ms - 1866[0m
[0mPOST /upload/1a4a3f83197b053329208b40 [32m200 [0m1990.773 ms - 300[0m
[0mPOST /upload/1a4a3f83197b053329208b40 [32m200 [0m1873.636 ms - 300[0m
[0mPOST /upload/1a4a3f83197b053329208b40 [32m200 [0m1791.494 ms - 300[0m
[0mPOST /upload/1a4a3f83197b053329208b40 [32m200 [0m1725.208 ms - 300[0m
[0mPOST /upload/1a4a3f83197b053329208b40 [32m200 [0m5345.463 ms - 51[0m
[0mPOST /upload/1a4a3f83197b053329208b40 [32m200 [0m92804.034 ms - 51[0m
[0mGET /1a4a3f83197b053329208b40 [33m404 [0m812.538 ms - 1402[0m
[0mGET /upload/1a4a3f83197b053329208b40 [33m400 [0m15.645 ms - 10[0m
[0mGET /files [33m404 [0m274.390 ms - 1402[0m
[0mGET /files [32m200 [0m15.931 ms - 2[0m
[0mPOST /upload/1a4a3f83197b053329208b40 [33m404 [0m304.778 ms - 1884[0m
[0mPOST /upload/1a4a3f83197b053329208b40 [33m404 [0m229.881 ms - 1884[0m
[0mPOST /upload/1a4a3f83197b053329208b40 [33m404 [0m253.919 ms - 1884[0m
[0mPOST /files/upload/1a4a3f83197b053329208b40 [31m500 [0m34.132 ms - 824[0m
[0mPOST /files/upload/1a4a3f83197b053329208b40 [33m404 [0m36.069 ms - 51[0m
[0mPOST /files/upload/1a4a3f83197b053329208b40 [33m404 [0m20.764 ms - 51[0m
[0mPOST /files/upload/1a4a3f83197b053329208b40 [32m200 [0m30.063 ms - 51[0m
[0mGET /files [32m200 [0m11.787 ms - 614[0m
[0mGET /files [32m200 [0m20.690 ms - 516977[0m
[0mGET /files [32m200 [0m7.817 ms - 516977[0m
[0mGET /files [32m200 [0m18.711 ms - 516977[0m
[0mGET /files [32m200 [0m14.697 ms - 614[0m
[0mGET /files [32m200 [0m138208.702 ms - 614[0m
[0mGET /files [32m200 [0m16.936 ms - 70[0m
[0mGET /files/1520839797226_d121d3e4-1a8b-4414-99d0-0c88338dafa8-original.jpeg [33m404 [0m319.683 ms - 1866[0m
[0mGET /files [32m200 [0m45.660 ms - 614[0m
[0mGET /files/5aa62c9694f6407f46fe6199 [31m500 [0m405.515 ms - 1984[0m
[0mGET /files/5aa62c9694f6407f46fe6199 [33m400 [0m16.562 ms - 10[0m
[0mGET /files/1a4a3f83197b053329208b40 [33m400 [0m2.814 ms - 10[0m
[0mGET /files [32m200 [0m2.410 ms - 2[0m
[0mGET /files [32m200 [0m17.174 ms - 2[0m
[0mGET /files [32m200 [0m17.709 ms - 2[0m
[0mGET /files [32m200 [0m11.590 ms - 2[0m
[0mGET /files [32m200 [0m16.106 ms - 2[0m
[0mGET /files [32m200 [0m15.581 ms - 2[0m
[0mGET /files [32m200 [0m15041.462 ms - 2[0m
[0mGET /files [33m400 [0m14.757 ms - 25[0m
[0mPOST /notificatins/1a4a3f83197b053329208b40 [33m404 [0m279.722 ms - 1884[0m
[0mPOST /files/upload/1a4a3f83197b053329208b40 [32m200 [0m38.772 ms - 51[0m
[0mGET /files [32m200 [0m6.553 ms - 174[0m
[0mPOST /files/upload/1a4a3f83197b053329208b40 [32m200 [0m8.701 ms - 51[0m
[0mPOST /login/signin [32m200 [0m292.703 ms - 200[0m
[0mGET /auth/files [33m404 [0m24.821 ms - 1072[0m
[0mGET /auth/files [32m200 [0m31.455 ms - 347[0m
[0mPOST /files/upload/1a4a3f83197b053329208b40 [32m200 [0m16.913 ms - 51[0m
[0mPOST /files/upload/1a4a3f83197b053329208b40 [32m200 [0m4.083 ms - 51[0m
[0mPOST /files/upload/1a4a3f83197b053329208b40 [32m200 [0m23.902 ms - 51[0m
[0mPOST /files/upload/1a4a3f83197b053329208b40 [32m200 [0m4.369 ms - 51[0m
[0mPOST /login/signup [32m200 [0m268.659 ms - 53[0m
[0mPOST /addMe [32m200 [0m11.305 ms - 45[0m
[0mPOST /addMe [32m201 [0m5.546 ms - 55[0m
[0mPOST /files/upload/8a443a84195b351349208440 [32m200 [0m15.364 ms - 51[0m
[0mGET /auth/files [32m200 [0m22.889 ms - 666[0m
[0mGET /auth/files/5aa77d566da1f68536455f96 [0m- [0m- ms - -[0m
[0mGET /auth/files/5aa77d566da1f68536455f96 [0m- [0m- ms - -[0m
[0mGET /auth/files [32m200 [0m34.274 ms - 666[0m
[0mGET /auth/files [32m200 [0m1953.743 ms - 666[0m
[0mGET /auth/files/1a4a3f83197b053329208b40 [0m- [0m- ms - -[0m
[0mGET /auth/files/1a4a3f83197b053329208b40 [32m200 [0m1809.411 ms - 5[0m
[0mGET /auth/files/1a4a3f83197b053329208b40 [31m500 [0m292.713 ms - 1940[0m
[0mGET /auth/files/1a4a3f83197b053329208b40 [0m- [0m- ms - -[0m
[0mGET /auth/files/user/1a4a3f83197b053329208b40 [31m500 [0m297.421 ms - 1965[0m
[0mGET /auth/files/user/1a4a3f83197b053329208b40 [31m500 [0m240.628 ms - 1940[0m
[0mGET /auth/files/1a4a3f83197b053329208b40 [0m- [0m- ms - -[0m
[0mGET /auth/files/1a4a3f83197b053329208b40 [0m- [0m- ms - -[0m
[0mGET /auth/files/user/1a4a3f83197b053329208b40 [31m500 [0m333.109 ms - 1940[0m
[0mGET /auth/files/user/1a4a3f83197b053329208b40 [31m500 [0m909.279 ms - 1940[0m
[0mGET /auth/files/1a4a3f83197b053329208b40 [0m- [0m- ms - -[0m
[0mGET /auth/files [32m200 [0m13612.110 ms - 666[0m
[0mGET /auth/files [32m200 [0m47616.881 ms - 666[0m
[0mGET /auth/files/1a4a3f83197b053329208b40 [0m- [0m- ms - -[0m
[0mGET /auth/files/1a4a3f83197b053329208b40 [33m401 [0m8.373 ms - -[0m
[0mPOST /login/signin [32m200 [0m258.141 ms - 200[0m
[0mGET /auth/files/1a4a3f83197b053329208b40 [31m500 [0m282.038 ms - 1974[0m
[0mGET /auth/files/1a4a3f83197b053329208b40 [0m- [0m- ms - -[0m
[0mGET /auth/files/1a4a3f83197b053329208b40 [32m200 [0m24.006 ms - 0[0m
[0mGET /auth/files/78034a8082b8540156f1f [33m400 [0m19.158 ms - 25[0m
[0mGET /auth/files/78034a8082b8540156f1f [33m400 [0m42.028 ms - 25[0m
[0mGET /auth/files/78034a8082b8540156f1f [33m400 [0m41.065 ms - 25[0m
[0mGET /auth/files/5aa77d566da1f68536455f96 [32m200 [0m14.677 ms - 50[0m
[0mGET /auth/files/5aa77d566da1f68536455f96 [32m200 [0m10.636 ms - 50[0m
[0mGET /auth/files/5aa77d566da1f68536455f96 [32m200 [0m32.120 ms - 87764[0m
[0mGET /auth/files [33m401 [0m2.352 ms - -[0m
[0mPOST /login/signin [32m200 [0m240.233 ms - 200[0m
[0mGET /auth/files [32m200 [0m12.156 ms - 666[0m
[0mGET /auth/files/1a4a3f83197b053329208b40 [33m401 [0m0.677 ms - -[0m
[0mGET /auth/files/1a4a3f83197b053329208b40 [31m500 [0m280.442 ms - 1994[0m
[0mGET /auth/files/5aa77d566da1f68536455f96 [31m500 [0m22.311 ms - 1994[0m
[0mGET /auth/files/5aa77d566da1f68536455f96 [33m404 [0m244.565 ms - 425[0m
[0mGET /auth/files/5aa77d566da1f68536455f96 [33m404 [0m229.755 ms - 425[0m
[0mGET /auth/files/5aa77d566da1f68536455f96 [33m404 [0m46.488 ms - 425[0m
[0mGET /auth/files/5aa77d566da1f68536455f96 [33m404 [0m290.814 ms - 425[0m
[0mGET /auth/files/5aa77d566da1f68536455f96 [33m404 [0m295.947 ms - 425[0m
[0mGET /auth/files/5aa77d566da1f68536455f96 [33m404 [0m272.900 ms - 425[0m
[0mGET /auth/files/5aa77d566da1f68536455f96 [33m404 [0m265.283 ms - 425[0m
[0mPOST /files/upload/8a443a84195b351349208440 [32m200 [0m15.686 ms - 51[0m
[0mPOST /files/upload/7a443f84195b553379208440 [32m200 [0m3.695 ms - 51[0m
[0mGET /auth/files [32m200 [0m16.762 ms - 477[0m
[0mGET /Users/voov/WebstormProjects/TSDRestApi/files/1520926038983_redesign_iphoneheadphones1.png [33m404 [0m18.229 ms - 1314[0m
[0mGET /auth/files/8a443a84195b351349208440 [33m400 [0m4573.240 ms - 24[0m
[0mGET /auth/files/8a443a84195b351349208440 [33m400 [0m3523.960 ms - 24[0m
[0mGET /auth/files/5aa7a3a60f470f8667ed54ae [33m400 [0m2218.196 ms - 24[0m
[0mGET /auth/files/5aa7a3a60f470f8667ed54ae [33m400 [0m29551.534 ms - 24[0m
[0mGET /auth/files/5aa7a3a60f470f8667ed54ae [32m200 [0m4136.355 ms - 35533[0m
[0mGET /auth/files [33m401 [0m23.845 ms - -[0m
[0mPOST /login/signin [32m200 [0m308.693 ms - 200[0m
[0mGET /auth/files [32m200 [0m14.045 ms - 477[0m
[0mGET /auth/files/7a443f84195b553379208440 [33m400 [0m32.233 ms - 24[0m
[0mGET /auth/files/5aa7a3a60f470f8667ed54ae [32m200 [0m18.811 ms - 35533[0m
[0mGET /auth/files/device/5aa7a3a60f470f8667ed54ae [33m401 [0m4.050 ms - -[0m
[0mGET /auth/files/device/5aa7a3a60f470f8667ed54ae [33m400 [0m42.726 ms - 25[0m
[0mGET /auth/files/device/5aa7a3a60f470f8667ed54ae [33m400 [0m58.521 ms - 25[0m
[0mGET /auth/files/device/5aa7a3a60f470f8667ed54ae [33m400 [0m35.204 ms - 25[0m
[0mGET /auth/files/device/7a443f84195b553379208440 [33m400 [0m7.070 ms - 25[0m
[0mGET /auth/files/device/7a443f84195b553379208440 [33m400 [0m24.810 ms - 25[0m
[0mGET /auth/files/device/7a443f84195b553379208440 [33m400 [0m40229.696 ms - 25[0m
[0mGET /auth/files/device/7a443f84195b553379208440 [32m200 [0m12876.759 ms - -[0m
[0mGET /auth/files/device/7a443f84195b553379208440 [32m200 [0m29530.831 ms - -[0m
[0mGET /auth/files/device/7a443f84195b553379208440 [32m200 [0m21376.488 ms - 30[0m
[0mGET /auth/files/device/7a443f84195b553379208440 [32m200 [0m4973.405 ms - 150[0m
[0mPOST /files/upload/7a443f84195b553379208440 [32m200 [0m16.748 ms - 51[0m
[0mGET /auth/files [32m200 [0m8.940 ms - 842[0m
[0mGET /auth/files/device/7a443f84195b553379208440 [32m200 [0m3580.592 ms - 515[0m
[0mGET /auth/files/5aa7a3c00f470f8667ed54af [32m200 [0m11.611 ms - 24314[0m
[0mGET /auth/files/5aa7a3c00f470f8667ed54af [33m401 [0m1.564 ms - -[0m
[0mGET /favicon.ico [33m404 [0m772.639 ms - 1314[0m
[0mPOST /login/signin [32m200 [0m273.622 ms - 200[0m
[0mPOST /login/signin [0m- [0m- ms - -[0m
[0mGET /auth/files [33m401 [0m9.517 ms - -[0m
[0mPOST /login/signin [32m200 [0m281.269 ms - 200[0m
[0mGET /auth/files [32m200 [0m14.015 ms - 842[0m
[0mGET /auth/files/device/7a443f84195b553379208440 [33m401 [0m1.015 ms - -[0m
[0mGET /auth/files/device/7a443f84195b553379208440 [32m200 [0m9.221 ms - 515[0m
[0mGET /auth/files/5aa8c9ad9992fe87d141ad78 [33m401 [0m1.090 ms - -[0m
[0mGET /auth/files/5aa8c9ad9992fe87d141ad78 [32m200 [0m18.013 ms - 70821[0m
[0mGET /auth/devices/ [32m200 [0m9.798 ms - 364[0m
[0mPOST /files/upload/1a4a3f83197b053329208b40 [32m200 [0m33.686 ms - 51[0m
[0mGET /auth/files [32m200 [0m5.130 ms - 1071[0m
[0mPOST /files/upload/1a4a3f83197b053329208b40 [32m200 [0m48.454 ms - 51[0m
[0mGET /auth/files [32m200 [0m27.583 ms - 1412[0m
[0mPOST /files/upload/1a4a3f83197b053329208b40 [32m200 [0m4.250 ms - 51[0m
[0mGET /auth/files [32m200 [0m6.636 ms - 1681[0m
[0mGET /auth/files [32m200 [0m34.210 ms - 1681[0m
[0mPOST /files/upload/1a4a3f83197b053329208b40 [32m200 [0m15.507 ms - 51[0m
[0mGET /auth/files [32m200 [0m10.869 ms - 1860[0m
[0mGET /auth/files [32m200 [0m5.896 ms - 1860[0m
[0mGET /auth/files/5aad2966cd4cb0943025c897 [32m200 [0m13.522 ms - 3006[0m
[0mGET /auth/files/device/7a443f84195b553379208440 [32m200 [0m11.847 ms - 591[0m
[0mGET /auth/devices/ [32m200 [0m6.317 ms - 364[0m
[0mPOST /addMe [33m400 [0m32.392 ms - 45[0m
[0mPOST /addMe [32m201 [0m9.339 ms - 55[0m
[0mPOST /calls/1a4a3f83197b053329208b40 [32m201 [0m7.458 ms - 56[0m
[0mPOST /notifications/1a4a3f83197b053329208b40 [32m201 [0m5.482 ms - 69[0m
[0mGET /auth/files [32m200 [0m7.621 ms - 1860[0m
[0mGET /auth/files/device/7a443f84195b553379208440 [32m200 [0m8.718 ms - 591[0m
[0mGET /auth/files/device/1a4a3f83197b053329208b40 [32m200 [0m6.645 ms - 905[0m
[0mGET /auth/files/5aad2966cd4cb0943025c897 [32m200 [0m6.824 ms - 3006[0m
[0mGET /auth/files/5aad292e6d9e5094257e7889 [32m200 [0m6.065 ms - 18731[0m
[0mGET /auth/files/5aad28ef6d9e5094257e7888 [32m200 [0m7.802 ms - 2883677[0m
[0mGET /auth/files/5aad28ef6d9e5094257e7888 [32m200 [0m6.729 ms - 2883677[0m
[0mGET /auth/files/5aad28ef6d9e5094257e7888 [32m200 [0m9.116 ms - 2883677[0m
[0mGET /auth/files/5aad28ef6d9e5094257e7888 [32m200 [0m7.513 ms - 2883677[0m
[0mGET /auth/files/5aad28ef6d9e5094257e7888 [32m200 [0m4.551 ms - 2883677[0m
[0mGET /auth/files/5aad2894588d9b940a217323 [32m200 [0m6.345 ms - 516977[0m
[0mGET /auth/files/5aad2894588d9b940a217323 [32m200 [0m21.029 ms - 516977[0m
[0mPOST /calls/1a4a3f83197b053329208b40 [32m201 [0m6.367 ms - 56[0m
[0mGET /auth/users/ [33m401 [0m7.108 ms - -[0m
[0mGET /auth/users/ [32m200 [0m20.323 ms - 387[0m
[0mGET /auth/devices/ [32m200 [0m6.288 ms - 479[0m
[0mGET /auth/devices/7a443f84195b553379208440 [32m200 [0m12.148 ms - 136[0m
[0mPOST /contactList/1a4a3f83197b053329208b40 [32m201 [0m39.462 ms - 63[0m
[0mGET /auth/contacts/ [33m401 [0m0.897 ms - -[0m
[0mGET /auth/contacts/ [32m200 [0m10.061 ms - 699[0m
[0mGET /auth/contacts/1a4a3f83197b053329208b40 [32m200 [0m6.181 ms - 455[0m
[0mPOST /notifications/1a4a3f83197b053329208b40 [32m201 [0m8.355 ms - 69[0m
[0mPOST /notifications/1a4a3f83197b053329208b40 [32m200 [0m7.867 ms - 59[0m
[0mPOST /notifications/1a4a3f83197b053329208b40 [32m201 [0m3.439 ms - 69[0m
[0mPOST /login/signup [32m200 [0m0.858 ms - 66[0m
[0mPOST /login/signup [32m200 [0m236.323 ms - 68[0m
[0mGET /auth/files [32m200 [0m6.415 ms - 1860[0m
[0mPOST /files/upload/1a4a3f83197b053329208b40 [32m200 [0m30.321 ms - 51[0m
[0mGET /auth/files [32m200 [0m27.540 ms - 2045[0m
[0mPOST /files/upload/1a4a3f83197b053329208b40 [32m200 [0m31.033 ms - 51[0m
[0mGET /auth/files [32m200 [0m26.289 ms - 2249[0m
[0mGET /users/ [32m200 [0m21.118 ms - 575[0m
[0mGET /auth/users/ [33m404 [0m281.437 ms - 1316[0m
[0mGET /auth/users/ [33m404 [0m204.751 ms - 1316[0m
[0mGET /auth/users/ [33m404 [0m229.712 ms - 1316[0m
[0mGET /auth/users/ [33m401 [0m9.776 ms - -[0m
[0mPOST /auth/users/ [33m401 [0m1.695 ms - -[0m
[0mPUT /auth/users/ [33m401 [0m0.542 ms - -[0m
[0mPUT /auth/users/12312 [33m401 [0m6.585 ms - -[0m
[0mPUT /auth/users/signin [33m401 [0m7.495 ms - -[0m
[0mPUT /users/signin [33m404 [0m297.872 ms - 1772[0m
[0mPUT /users/signup [33m404 [0m17.077 ms - 1772[0m
[0mPUT /user/signup [33m404 [0m222.546 ms - 1772[0m
[0mPOST /users/signup [33m404 [0m222.552 ms - 1772[0m
[0mPOST /users/signin [33m404 [0m196.190 ms - 1772[0m
[0mPOST /users/signin [33m404 [0m227.688 ms - 1772[0m
[0mPOST /user/signin [33m404 [0m15.226 ms - 1772[0m
[0mPOST /user/signin [33m404 [0m235.938 ms - 1772[0m
[0mPOST /user/signin [33m404 [0m286.876 ms - 1772[0m
[0mPOST /user [33m404 [0m15.860 ms - 1772[0m
[0mPOST /user [33m404 [0m474.387 ms - 1772[0m
[0mPOST /user [33m404 [0m23.609 ms - 1772[0m
[0mPOST /user [33m404 [0m26.869 ms - 1772[0m
[0mPOST /user [33m404 [0m496.331 ms - 1772[0m
[0mPOST /users [33m404 [0m21.766 ms - 1772[0m
[0mPOST /auth/users [33m401 [0m1.047 ms - -[0m
[0mPOST /auth/users [33m401 [0m2.674 ms - -[0m
[0mPOST /users [33m404 [0m471.592 ms - 1772[0m
[0mPOST /users/signup [33m404 [0m22.948 ms - 1772[0m
[0mPOST /user/signup [33m404 [0m27.165 ms - 1772[0m
[0mPOST /user/signup [33m404 [0m210.114 ms - 1772[0m
[0mPOST /auth/user/signup [33m401 [0m4.679 ms - -[0m
[0mPOST /auth/user/signup [33m404 [0m227.356 ms - 1772[0m
[0mPOST /user/signup [33m404 [0m14.576 ms - 1772[0m
[0mPOST /auth/users [33m401 [0m1.316 ms - -[0m
[0mPOST /users [33m404 [0m12.797 ms - 1772[0m
[0mGET /users [33m404 [0m20.871 ms - 1325[0m
[0mGET /users [32m200 [0m24.867 ms - 2[0m
[0mGET /users [32m200 [0m4.437 ms - 2[0m
[0mGET /users [32m200 [0m11.596 ms - 2[0m
[0mGET /auth/users/signup [33m401 [0m1.392 ms - -[0m
[0mGET /auth/users/signup [33m401 [0m8.202 ms - -[0m
[0mGET /auth/users/signup [33m401 [0m8.451 ms - -[0m
[0mGET /auth/users/signup [33m401 [0m9.069 ms - -[0m
[0mGET /users/signup [33m404 [0m221.555 ms - 1325[0m
[0mGET /signup [33m404 [0m219.406 ms - 1325[0m
[0mGET /signup [33m404 [0m225.661 ms - 1325[0m
[0mGET /signup [33m404 [0m639.217 ms - 1325[0m
[0mGET /auth/signup [33m401 [0m1.817 ms - -[0m
[0mGET /signup [33m404 [0m36.151 ms - 1325[0m
[0mGET /signup [33m404 [0m223.424 ms - 1325[0m
[0mGET /signup [33m404 [0m26.401 ms - 1325[0m
[0mPOST /signup [32m200 [0m4.216 ms - 66[0m
[0mPOST /auth/users [33m401 [0m2.158 ms - -[0m
[0mGET /auth/users [33m401 [0m1.466 ms - -[0m
[0mPOST /signup [32m200 [0m293.954 ms - 68[0m
[0mPOST /login/signup [33m404 [0m20.750 ms - 1772[0m
[0mPOST /signin [32m200 [0m268.521 ms - 184[0m
[0mPOST /signin [32m200 [0m232.184 ms - 184[0m
[0mGET /auth/users [32m200 [0m8.704 ms - 189[0m
[0mGET /auth/users/5ab7abb03d9fce14acfc5e0b [33m401 [0m2.152 ms - -[0m
[0mGET /auth/users/5ab7abb03d9fce14acfc5e0b [33m401 [0m0.440 ms - -[0m
[0mPOST /signin [32m200 [0m223.049 ms - 184[0m
[0mGET /auth/users/5ab7abb03d9fce14acfc5e0b [33m401 [0m0.532 ms - -[0m
[0mGET /auth/users/ [32m200 [0m3.264 ms - 189[0m
[0mGET /auth/users/5ab7abb03d9fce14acfc5e0b [32m200 [0m14.761 ms - 0[0m
[0mGET /auth/users/5ab7abb03d9fce14acfc5e0b [32m200 [0m18.700 ms - 187[0m
[0mGET /auth/users/5ab7abb03d9fce14acfc5e0b [31m500 [0m15.542 ms - 0[0m
[0mGET /auth/users/5ab7abb03d9fce14acfc5e0b [31m500 [0m49.298 ms - 6[0m
[0mGET /auth/users/5ab7abb03d9fce14acfc5e0b [31m500 [0m15.376 ms - 5[0m
[0mGET /auth/users [32m200 [0m8.957 ms - 189[0m
[0mGET / [33m404 [0m335.145 ms - 1316[0m
[0mGET /stylesheets/style.css [32m200 [0m61.539 ms - 111[0m
[0mGET /favicon.ico [33m404 [0m16.291 ms - 1244[0m
[0mGET / [33m404 [0m8.794 ms - 1316[0m
[0mGET /stylesheets/style.css [32m200 [0m0.627 ms - 111[0m
[0mGET /favicon.ico [33m404 [0m20.785 ms - 1244[0m
[0mGET / [33m404 [0m8.806 ms - 1316[0m
[0mGET /stylesheets/style.css [36m304 [0m1.450 ms - -[0m
[0mGET / [33m404 [0m17.008 ms - 1316[0m
[0mGET /stylesheets/style.css [32m200 [0m0.836 ms - 111[0m
[0mGET /favicon.ico [33m404 [0m8.853 ms - 1244[0m
[0mGET /users [33m404 [0m6.209 ms - 1325[0m
[0mGET /stylesheets/style.css [36m304 [0m0.431 ms - -[0m
[0mPOST /signin [32m200 [0m285.908 ms - 184[0m
[0mGET /auth/users/5ab7abb03d9fce14acfc5e0b [32m200 [0m7.112 ms - 187[0m
[0mPOST /signin [32m200 [0m253.191 ms - 184[0m
[0mPOST /signin [33m400 [0m7.692 ms - 42[0m
[0mGET /auth/users [32m200 [0m4.768 ms - 189[0m
[0mGET /auth/users [32m200 [0m2.004 ms - 189[0m
[0mGET /users [33m404 [0m281.361 ms - 1325[0m
[0mGET /stylesheets/style.css [36m304 [0m2.300 ms - -[0m
[0mGET /auth [33m401 [0m1.001 ms - -[0m
[0mGET /auth/users [36m304 [0m2.011 ms - -[0m
[0mGET /auth/users [33m401 [0m4.428 ms - -[0m
[0mGET /auth/users [33m401 [0m0.985 ms - -[0m
[0mGET /auth/users [33m401 [0m0.690 ms - -[0m
[0mGET /auth/users [33m401 [0m0.523 ms - -[0m
[0mGET /auth/users [32m200 [0m24.067 ms - 189[0m
[0mGET /auth/users [33m401 [0m4.625 ms - -[0m
[0mGET /auth/users [32m200 [0m30.244 ms - 189[0m
[0mGET /auth/users/5ab7abb03d9fce14acfc5e0b [33m401 [0m2.277 ms - -[0m
[0mGET /auth/users/5ab7abb03d9fce14acfc5e0b [32m200 [0m10.392 ms - 187[0m
[0mPOST /devices/ [33m400 [0m28.454 ms - 45[0m
[0mPOST /devices/ [32m201 [0m93.196 ms - 55[0m
[0mPOST /devices/ [33m400 [0m15.291 ms - 45[0m
[0mGET /devices/ [33m404 [0m274.046 ms - 1316[0m
[0mGET /auth/devices/ [33m404 [0m27.241 ms - 1819[0m
[0mGET /auth/devices/ [33m404 [0m248.388 ms - 1819[0m
[0mGET /auth/devices/ [33m404 [0m18.966 ms - 1819[0m
[0mGET /auth/devices/ [33m404 [0m237.228 ms - 1819[0m
[0mGET /auth/devices [33m404 [0m262.412 ms - 1819[0m
[0mGET /auth/devices [33m404 [0m630.620 ms - 1819[0m
[0mGET /auth/devices [33m404 [0m744.209 ms - 1819[0m
[0mPOST /auth/devices [33m404 [0m39.912 ms - 1819[0m
[0mPOST /devices [33m404 [0m26.461 ms - 1772[0m
[0mGET /devices [33m404 [0m33.525 ms - 1325[0m
[0mGET /devices [33m404 [0m253.985 ms - 1325[0m
[0mPOST /devices [33m400 [0m14.932 ms - 70[0m
[0mGET /devices [33m404 [0m35.411 ms - 1325[0m
[0mGET /devices [33m404 [0m231.735 ms - 1325[0m
[0mGET /devices [0m- [0m- ms - -[0m
[0mGET /auth/devices [33m401 [0m8.646 ms - -[0m
[0mGET /auth/devices [0m- [0m- ms - -[0m
[0mGET /devices [33m404 [0m330.177 ms - 1325[0m
[0mPOST /devices [33m400 [0m21.502 ms - 70[0m
[0mPOST /auth/devices [33m404 [0m768.810 ms - 1819[0m
[0mPOST /auth/devices [33m404 [0m42.583 ms - 1819[0m
[0mGET /auth/devices [0m- [0m- ms - -[0m
[0mGET /auth/devices [33m404 [0m770.437 ms - 1819[0m
[0mGET /auth/users [32m200 [0m6875.143 ms - 189[0m
[0mGET /auth/users [32m200 [0m34.195 ms - 189[0m
[0mGET /auth/users [32m200 [0m14121.995 ms - 189[0m
[0mGET /auth/users [32m200 [0m38081.725 ms - 189[0m
[0mGET /auth/users [32m200 [0m22.007 ms - 189[0m
[0mGET /auth/users [32m200 [0m3043.774 ms - 189[0m
[0mGET /auth/users [32m200 [0m6.245 ms - 189[0m
[0mGET /auth/users [32m200 [0m26.615 ms - 189[0m
[0mGET /auth/users [32m200 [0m5.172 ms - 189[0m
[0mPOST /signup [32m200 [0m276.414 ms - 67[0m
[0mDELETE /auth/users/5ac2232cbec3042739dbb558 [33m401 [0m1.009 ms - -[0m
[0mDELETE /auth/users/5ac2232cbec3042739dbb558 [31m500 [0m802.279 ms - 1890[0m
[0mDELETE /auth/users/5ac2232cbec3042739dbb558 [31m500 [0m51323.382 ms - 1890[0m
[0mDELETE /auth/ [33m404 [0m11.990 ms - 1819[0m
[0mDELETE /auth/ [33m404 [0m224.603 ms - 1229[0m
[0mDELETE /auth/users/5ac2232cbec3042739dbb558 [32m200 [0m18.232 ms - 32[0m
[0mPOST /signup [33m400 [0m265.388 ms - 50[0m
[0mPOST /signup [32m200 [0m228.334 ms - 67[0m
[0mDELETE /auth/users/5ac22418b4cd45274f1af772 [32m200 [0m22285.032 ms - 32[0m
[0mDELETE /auth/users/5ac22418b4cd45274f1af772 [32m200 [0m38256.260 ms - 32[0m
[0mPOST /signup [32m200 [0m277.558 ms - 67[0m
[0mGET /auth/devices [33m403 [0m3412.605 ms - 43[0m
[0mPOST /signin [32m200 [0m268.075 ms - 184[0m
[0mGET /auth/devices [33m403 [0m11.396 ms - 43[0m
[0mGET /auth/devices [33m403 [0m66066.125 ms - 43[0m
[0mGET /auth/devices [32m200 [0m7423.059 ms - 116[0m
[0mPOST /signin [32m200 [0m253.345 ms - 183[0m
[0mGET /auth/devices/0a443a84195b351349208440 [31m500 [0m699.986 ms - 1423[0m
[0mGET /auth/devices/0a443a84195b351349208440 [31m500 [0m615.525 ms - 1404[0m
[0mGET /auth/devices/0a443a84195b351349208440 [31m500 [0m662.715 ms - 1433[0m
[0mGET /auth/devices/0a443a84195b351349208440 [31m500 [0m34975.904 ms - 1433[0m
[0mGET /auth/devices/0a443a84195b351349208440 [33m403 [0m1777.797 ms - 43[0m
[0mGET /auth/devices/0a443a84195b351349208440 [31m500 [0m41.034 ms - 1670[0m
[0mGET /auth/devices/0a443a84195b351349208440 [31m500 [0m52.248 ms - 1670[0m
[0mGET /auth/devices/0a443a84195b351349208440 [31m500 [0m46.425 ms - 1670[0m
[0mGET /auth/devices/0a443a84195b351349208440 [33m403 [0m3532.816 ms - 43[0m
[0mGET /auth/devices/0a443a84195b351349208440 [33m403 [0m24.941 ms - 43[0m
[0mGET /auth/devices/0a443a84195b351349208440 [33m401 [0m1.935 ms - -[0m
[0mGET /auth/devices/0a443a84195b351349208440 [33m403 [0m10.057 ms - 43[0m
[0mGET /auth/devices/0a443a84195b351349208440 [33m403 [0m32.120 ms - 43[0m
[0mGET /auth/devices/0a443a84195b351349208440 [33m401 [0m1.668 ms - -[0m
[0mGET /auth/devices/0a443a84195b351349208440 [33m401 [0m1.248 ms - -[0m
[0mGET /auth/devices/0a443a84195b351349208440 [33m403 [0m10.430 ms - 43[0m
[0mPOST /signin [32m200 [0m251.048 ms - 184[0m
[0mGET /auth/devices/0a443a84195b351349208440 [32m200 [0m13.404 ms - 114[0m
[0mGET /auth/devices/ [32m200 [0m5.585 ms - 116[0m
[0mGET /auth/devices [32m200 [0m23.043 ms - 116[0m
[0mPOST /devices/ [33m400 [0m41.157 ms - 70[0m
[0mPOST /devices/ [33m400 [0m4.643 ms - 70[0m
[0mPOST /devices/ [33m400 [0m1.837 ms - 70[0m
[0mPOST /devices/ [32m201 [0m4.847 ms - 55[0m
[0mPOST /devices/ [32m201 [0m1.988 ms - 55[0m
[0mPOST /devices/ [33m400 [0m1.495 ms - 70[0m
[0mPOST /devices/ [33m400 [0m1.817 ms - 70[0m
[0mPOST /devices/ [32m201 [0m4.097 ms - 55[0m
[0mPOST /applist [33m400 [0m3.901 ms - 48[0m
[0mPOST /applist [33m400 [0m1.340 ms - 48[0m
[0mPOST /applist [33m400 [0m1.305 ms - 48[0m
[0mPOST /applist [32m201 [0m80.195 ms - 58[0m
[0mPOST /applist [33m400 [0m7.203 ms - 48[0m
[0mPOST /applist [33m400 [0m2.299 ms - 48[0m
[0mGET /auth/applist [33m401 [0m3.973 ms - -[0m
[0mGET /auth/applist [33m404 [0m348.898 ms - 1229[0m
[0mGET /auth/applist [32m200 [0m27.381 ms - 215[0m
[0mGET /auth/applist/5ac22badafb82727dbd9d2d2 [33m401 [0m1.268 ms - -[0m
[0mGET /auth/applist/5a143a84195b351349208440 [32m200 [0m13.320 ms - 0[0m
[0mGET /auth/applist/5a143a84195b351349208440 [32m200 [0m28.049 ms - 213[0m
[0mGET /auth/applist/5a143a84195b35134920844 [31m500 [0m8.297 ms - 47[0m
[0mPOST /auth/applist/ [33m401 [0m22.451 ms - -[0m
[0mPOST /applist/ [33m400 [0m21.568 ms - 48[0m
[0mPOST /applist/ [33m400 [0m4.586 ms - 48[0m
[0mPOST /callog/ [33m404 [0m337.834 ms - 1772[0m
[0mPOST /calls/ [33m404 [0m284.080 ms - 1772[0m
[0mPOST /calls/ [32m201 [0m93.972 ms - 57[0m
[0mPOST /calls/ [32m201 [0m80.556 ms - 57[0m
[0mGET /auth/calls/ [32m200 [0m27.325 ms - 236[0m
[0mGET /auth/calls/ [33m401 [0m1.744 ms - -[0m
[0mGET /auth/calls/ [32m200 [0m7.266 ms - 236[0m
[0mGET /auth/calls/5a143a84195b351349208440 [32m200 [0m16.506 ms - 234[0m
[0mGET /auth/calls/5a143a84195b35134920s8440 [31m500 [0m11.324 ms - 44[0m
[0mGET /auth/calls/5a143a84195b351349208440 [32m200 [0m6.276 ms - 234[0m
[0mGET /calls/ [33m404 [0m293.740 ms - 1316[0m
[0mGET /commands/ [33m404 [0m20.263 ms - 1316[0m
[0mGET /commands/5a143a84195b351349208440 [33m404 [0m11.878 ms - 1325[0m
[0mGET /commands/5a143a84195b351349208440 [32m200 [0m12.744 ms - 23[0m
[0mPOST /auth/commands/5a143a84195b351349208440 [33m401 [0m20.201 ms - -[0m
[0mPOST /signin [32m200 [0m237.375 ms - 184[0m
[0mPOST /auth/commands/5a143a84195b351349208440 [33m404 [0m283.457 ms - 1229[0m
[0mPOST /auth/commands/5a143a84195b351349208440 [33m404 [0m27.838 ms - 1229[0m
[0mPOST /commands/5a143a84195b351349208440 [33m404 [0m17.500 ms - 1772[0m
[0mGET /commands/5a143a84195b351349208440 [32m200 [0m3.324 ms - 23[0m
[0mPOST /commands/5a143a84195b351349208440 [33m404 [0m29.440 ms - 1772[0m
[0mPOST /commands/5a143a84195b351349208440 [33m404 [0m504.677 ms - 1772[0m
[0mPOST /commands/5a143a84195b351349208440 [33m404 [0m289.332 ms - 1772[0m
[0mPOST /commands/ [33m404 [0m23.090 ms - 1772[0m
[0mGET /commands/5a143a84195b351349208440 [32m200 [0m23.604 ms - 23[0m
[0mGET /commands/ [33m404 [0m15.543 ms - 1316[0m
[0mPOST /commands/5a143a84195b351349208440 [33m404 [0m19.956 ms - 1772[0m
[0mPOST /auth/commands/5a143a84195b351349208440 [33m400 [0m27.477 ms - 47[0m
[0mPOST /auth/commands/5a143a84195b351349208440 [32m201 [0m123.804 ms - 62[0m
[0mGET /commands/5a143a84195b351349208440 [32m200 [0m6.680 ms - 163[0m
[0mGET /commands/5a143a84195b351349208440 [32m200 [0m17.345 ms - 34[0m
[0mPOST /contacts/ [33m404 [0m338.078 ms - 1772[0m
[0mPOST /contacts/ [33m404 [0m12.566 ms - 1772[0m
[0mPOST /contacts/ [33m400 [0m18.446 ms - 47[0m
[0mPOST /contacts/ [32m201 [0m71.250 ms - 57[0m
[0mGET /contactList/1a4a3f83197b053329208b40 [33m404 [0m322.447 ms - 1325[0m
[0mGET /auth/contactList/1a4a3f83197b053329208b40 [31m500 [0m13.828 ms - 1569[0m
[0mGET /auth/contacts/1a4a3f83197b053329208b40 [31m500 [0m16.849 ms - 1569[0m
[0mGET /auth/contacts/ [31m500 [0m18.556 ms - 1560[0m
[0mGET /contacts/5a143a84195b351349208440 [33m404 [0m10.998 ms - 1325[0m
[0mGET /auth/contacts/5a143a84195b351349208440 [31m500 [0m15.404 ms - 1569[0m
[0mGET /auth/contacts/ [31m500 [0m13.954 ms - 1560[0m
[0mGET /auth/contacts [31m500 [0m309.900 ms - 1569[0m
[0mGET /auth/contacts [31m500 [0m17.650 ms - 1569[0m
[0mGET /auth/contacts [31m500 [0m26.118 ms - 1569[0m
[0mPOST /contacts/ [32m201 [0m32.912 ms - 57[0m
[0mGET /contacts/ [33m404 [0m355.787 ms - 1316[0m
[0mGET /auth/contacts/ [31m500 [0m20.935 ms - 1560[0m
[0mPOST /auth/commands/5a143a84195b351349208440 [31m500 [0m27.058 ms - 1929[0m
[0mGET /auth/users/ [31m500 [0m283.754 ms - 1560[0m
[0mGET /auth/users/ [31m500 [0m229.286 ms - 1560[0m
[0mGET /auth/users/ [31m500 [0m26.001 ms - 1560[0m
[0mGET /stylesheets/style.css [32m200 [0m3.081 ms - 111[0m
[0mGET /favicon.ico [33m404 [0m10.661 ms - 1244[0m
[0mGET /auth/users/ [31m500 [0m743.810 ms - 1560[0m
[0mGET /stylesheets/style.css [36m304 [0m4.182 ms - -[0m
[0mGET /auth/users/ [31m500 [0m268.117 ms - 1560[0m
[0mGET /auth/users/ [31m500 [0m781.516 ms - 1560[0m
[0mGET /auth/users/ [33m401 [0m6.575 ms - -[0m
[0mPOST /signin [32m200 [0m259.222 ms - 184[0m
[0mGET /auth/contacts/ [32m200 [0m15.632 ms - 461[0m
[0mGET /auth/users/ [32m200 [0m5.001 ms - 375[0m
[0mGET /auth/users/ [32m200 [0m49.831 ms - 375[0m
[0mGET /auth/contacts/ [32m200 [0m9.374 ms - 461[0m
[0mGET /auth/contacts/5ac2416858d5be29d7edf6b6 [33m401 [0m1.545 ms - -[0m
[0mGET /auth/contacts/5ac2416858d5be29d7edf6b6 [32m200 [0m9.222 ms - 18[0m
[0mGET /auth/contacts/ [32m200 [0m5.604 ms - 461[0m
[0mGET /auth/contacts/5a143a84195b351349208440 [32m200 [0m9.664 ms - 97[0m
[0mGET /auth/users/ [33m401 [0m4.987 ms - -[0m
[0mPOST /messages/ [33m404 [0m316.793 ms - 1772[0m
[0mPOST /messages/ [33m400 [0m32.649 ms - 52[0m
[0mPOST /messages/ [32m201 [0m35.300 ms - 58[0m
[0mPOST /messages/ [32m201 [0m30.842 ms - 62[0m
[0mPOST /messages/ [32m201 [0m36.022 ms - 62[0m
[0mPOST /applist [33m400 [0m15.976 ms - 48[0m
[0mPOST /applist [33m400 [0m35.330 ms - 48[0m
[0mPOST /messages/ [33m400 [0m18.104 ms - 52[0m
[0mPOST /messages/ [33m400 [0m30.232 ms - 52[0m
[0mPUT /messages/ [33m400 [0m6.844 ms - 28[0m
[0mPUT /messages/5a143a84195b351349208440 [33m404 [0m361.595 ms - 1772[0m
[0mPUT /messages/5a143a84195b351349208440 [33m400 [0m25.593 ms - 28[0m
[0mPUT /messages/5a143a84195b351349208440 [33m400 [0m2.942 ms - 28[0m
[0mPUT /messages/5a143a84195b351349208440 [33m400 [0m24958.447 ms - 28[0m
[0mPUT /messages/5a143a84195b351349208440 [33m400 [0m12692.005 ms - 28[0m
[0mPUT /messages/5a143a84195b351349208440 [33m400 [0m30.338 ms - 28[0m
[0mPUT /messages/5a143a84195b351349208440 [33m400 [0m30.180 ms - 28[0m
[0mPUT /messages/5ac290d0a87a682b9de54963 [33m400 [0m5.920 ms - 28[0m
[0mPUT /messages/5ac290d0a87a682b9de54963 [33m400 [0m2.165 ms - 28[0m
[0mPUT /messages/5ac290d0a87a682b9de54963 [32m200 [0m38.218 ms - 32[0m
[0mPUT /messages/5ac290d0a87a682b9de54963 [32m200 [0m5.708 ms - 32[0m
[0mPUT /messages/5ac290d0a87a682b9de54963 [32m200 [0m34.035 ms - 32[0m
[0mPUT /messages/5ac290d0a87a682b9de54963 [32m200 [0m30663.689 ms - 32[0m
[0mPUT /messages/5ac290d0a87a682b9de54963 [32m200 [0m35.487 ms - 32[0m
[0mPUT /messages/5ac290d0a87a682b9de54963 [32m200 [0m7.163 ms - 32[0m
[0mPUT /messages/5ac290d0a87a682b9de54963 [31m500 [0m33.972 ms - 18[0m
[0mPOST /messages/5ac290d0a87a682b9de54963 [33m404 [0m271.361 ms - 1772[0m
[0mPOST /messages [33m400 [0m10.875 ms - 52[0m
[0mPOST /messages [33m400 [0m4.012 ms - 52[0m
[0mPOST /messages [32m201 [0m12.600 ms - 62[0m
[0mPUT /messages/5a143a84195b351349208440 [32m200 [0m7.277 ms - 3[0m
[0mPUT /messages/5a143a84195b351349208440 [32m200 [0m3.997 ms - 3[0m
[0mPUT /messages/5a143a84195b351349208440 [32m200 [0m2.313 ms - 3[0m
[0mPUT /messages/5a143a84195b351349208440 [32m200 [0m37.113 ms - 32[0m
[0mPUT /messages/5a143a84195b351349208440 [32m200 [0m9.208 ms - 32[0m
[0mPOST /messages [33m400 [0m36.196 ms - 52[0m
[0mPOST /messages [32m201 [0m4.655 ms - 62[0m
[0mPUT /messages/5a143a84195b351349208440 [32m200 [0m15.847 ms - 32[0m
[0mPUT /messages/5a143a84195b351349208440 [32m200 [0m35.265 ms - 32[0m
[0mPOST /messages [33m400 [0m17.216 ms - 52[0m
[0mPOST /messages [32m201 [0m5.057 ms - 62[0m
[0mPOST /messages [33m400 [0m4.486 ms - 52[0m
[0mPOST /messages [33m400 [0m6.511 ms - 52[0m
[0mGET /commands/5a143a84195b351349208440 [32m200 [0m18.641 ms - 34[0m
[0mPOST /auth/commands/5a143a84195b351349208440 [33m401 [0m22.329 ms - -[0m
[0mPOST /signin [32m200 [0m238.033 ms - 184[0m
[0mPOST /auth/commands/5a143a84195b351349208440 [32m201 [0m82.432 ms - 62[0m
[0mPOST /auth/commands/0a143a84195b351349208440 [32m201 [0m5.836 ms - 62[0m
[0mGET /commands/5a143a84195b351349208440 [32m200 [0m3.975 ms - 34[0m
[0mGET /commands/5a143a84195b351349208440 [32m200 [0m3.714 ms - 23[0m
[0mPOST /auth/commands/0a143a84195b351349208440 [32m201 [0m77.129 ms - 62[0m
[0mPOST /auth/commands/5a143a84195b351349208440 [32m201 [0m15.057 ms - 62[0m
[0mGET /commands/5a143a84195b351349208440 [32m200 [0m5.070 ms - 34[0m
[0mGET /commands/5a143a84195b351349208440 [32m200 [0m16.535 ms - 34[0m
[0mGET /commands/5a143a84195b351349208440 [32m200 [0m4.711 ms - 34[0m
[0mGET /commands/5a143a84195b351349208440 [32m200 [0m16.950 ms - 34[0m
[0mGET /commands/5a143a84195b351349208440 [32m200 [0m18.975 ms - 34[0m
[0mGET /commands/5a143a84195b351349208440 [32m200 [0m19.174 ms - 4[0m
[0mGET /commands/0a143a84195b351349208440 [32m200 [0m13883.925 ms - 34[0m
[0mGET /commands/0a143a84195b351349208440 [32m200 [0m20118.910 ms - 4[0m
[0mGET /commands/0a143a84195b351349208440 [32m200 [0m16.944 ms - 4[0m
[0mPOST /auth/commands/5a143a84195b351349208440 [33m400 [0m76.212 ms - 47[0m
[0mPOST /auth/commands/5a143a84195b351349208440 [32m201 [0m20.674 ms - 62[0m
[0mGET /commands/5a143a84195b351349208440 [32m200 [0m17.754 ms - 34[0m
[0mGET /commands/5a143a84195b351349208440 [32m200 [0m22.926 ms - 4[0m
[0mGET /commands/5a143a84195b351349208440 [32m200 [0m4.385 ms - 4[0m
[0mGET /commands/5a143a84195b351349208440 [32m200 [0m17413.128 ms - 4[0m
[0mGET /commands/5a143a84195b351349208440 [32m200 [0m14005.754 ms - 4[0m
[0mGET /commands/5a143a84195b351349208440 [32m200 [0m48614.732 ms - 4[0m
[0mGET /commands/5a143a84195b351349208440 [32m200 [0m17.370 ms - 4[0m
[0mPOST /auth/commands/5a143a84195b351349208440 [32m201 [0m49.923 ms - 62[0m
[0mPOST /auth/commands/5a143a84195b351349208440 [33m400 [0m55.806 ms - 47[0m
[0mGET /commands/5a143a84195b351349208440 [32m200 [0m4.425 ms - 40[0m
[0mPOST /auth/commands/5a143a84195b351349208440 [32m201 [0m41.791 ms - 62[0m
[0mGET /commands/5a143a84195b351349208440 [32m200 [0m6.618 ms - 34[0m
[0mGET /commands/5a143a84195b351349208440 [32m200 [0m3.776 ms - 2[0m
[0mGET /commands/5a143a84195b351349208440 [32m200 [0m24.296 ms - 2[0m
[0mGET /commands/5a143a84195b351349208440 [32m200 [0m35146.518 ms - 2[0m
[0mPOST /auth/commands/5a143a84195b351349208440 [33m400 [0m62.786 ms - 47[0m
[0mPUT /auth/commands/5a143a84195b351349208440 [33m404 [0m694.805 ms - 1229[0m
[0mPUT /auth/commands/5a143a84195b351349208440 [32m200 [0m14178.409 ms - 131[0m
[0mPUT /auth/commands/5a143a84195b351349208440 [31m500 [0m246.784 ms - 1752[0m
[0mPUT /auth/commands/5a143a84195b351349208440 [32m200 [0m41.629 ms - 131[0m
[0mPUT /auth/commands/5a143a84195b351349208440 [32m200 [0m36.012 ms - 163[0m
[0mPUT /auth/commands/5a143a84195b351349208440 [32m200 [0m11.592 ms - 163[0m
[0mPUT /auth/commands/5a143a84195b351349208440 [33m401 [0m2.112 ms - -[0m
[0mPOST /signin [32m200 [0m234.121 ms - 184[0m
[0mPUT /auth/commands/5a143a84195b351349208440 [32m200 [0m12.888 ms - 163[0m
[0mPUT /auth/commands/5a143a84195b351349208440 [32m200 [0m5.979 ms - 153[0m
[0mPUT /auth/commands/5a143a84195b351349208440 [32m200 [0m4.554 ms - 161[0m
[0mPUT /auth/commands/5a143a84195b351349208440 [32m200 [0m11.177 ms - 170[0m
[0mPUT /auth/commands/5a143a84195b351349208440 [32m200 [0m6.397 ms - 136[0m
[0mPUT /auth/commands/5a143a84195b351349208440 [32m200 [0m46.157 ms - 136[0m
[0mPUT /auth/commands/5a143a84195b351349208440 [32m200 [0m5.625 ms - 136[0m
[0mPUT /auth/commands/5a143a84195b351349208440 [32m200 [0m43.753 ms - 145[0m
[0mPUT /auth/commands/5a143a84195b351349208440 [32m200 [0m11.214 ms - 158[0m
[0mPUT /auth/commands/5a143a84195b351349208440 [32m200 [0m7.433 ms - 170[0m
[0mPUT /auth/commands/5a143a84195b351349208440 [32m200 [0m6.044 ms - 176[0m
[0mPUT /auth/commands/5a143a84195b351349208440 [32m200 [0m7.764 ms - 176[0m
[0mPUT /auth/commands/5a143a84195b351349208440 [32m200 [0m6.319 ms - 176[0m
[0mPUT /auth/commands/5a143a84195b351349208440 [32m200 [0m38.538 ms - 176[0m
[0mPUT /auth/commands/5a143a84195b351349208440 [32m200 [0m7.070 ms - 186[0m
[0mPUT /auth/commands/5a143a84195b351349208440 [32m200 [0m63.944 ms - 28[0m
[0mPUT /auth/commands/5a143a84195b351349208440 [32m200 [0m8.297 ms - 28[0m
[0mPUT /auth/commands/5a143a84195b351349208440 [32m200 [0m40.718 ms - 28[0m
[0mPUT /auth/commands/5a143a84195b351349208440 [32m200 [0m12.730 ms - 28[0m
[0mPUT /auth/commands/5a143a84195b351349208440 [32m200 [0m34.994 ms - 28[0m
[0mPUT /auth/commands/5a143a84195b351349208440 [32m200 [0m12.478 ms - 28[0m
[0mPUT /auth/commands/5a143a84195b351349208440 [32m200 [0m10.981 ms - 28[0m
[0mPUT /auth/commands/5a143a84195b351349208440 [32m200 [0m6.381 ms - 28[0m
[0mPUT /auth/commands/5a143a84195b351349208440 [32m200 [0m32.463 ms - 28[0m
[0mPUT /auth/commands/5a143a84195b351349208440 [32m200 [0m7.983 ms - 28[0m
[0mPUT /auth/commands/5a143a84195b351349208440 [32m200 [0m38.956 ms - 28[0m
[0mPUT /auth/commands/5a143a84195b351349208440 [32m200 [0m43.185 ms - 164[0m
[0mPUT /auth/commands/5a143a84195b351349208440 [32m200 [0m5.535 ms - 164[0m
[0mPUT /auth/commands/5a143a84195b351349208440 [32m200 [0m8.531 ms - 175[0m
[0mPUT /auth/commands/5a143a84195b351349208440 [32m200 [0m6.999 ms - 181[0m
[0mPUT /auth/commands/5a143a84195b351349208440 [32m200 [0m6.278 ms - 181[0m
[0mPUT /auth/commands/5a143a84195b351349208440 [32m200 [0m5.815 ms - 181[0m
[0mPUT /auth/commands/5a143a84195b351349208440 [32m200 [0m13.315 ms - 181[0m
[0mPUT /auth/commands/5a143a84195b351349208440 [32m200 [0m4.529 ms - 188[0m
[0mPUT /auth/commands/5a143a84195b351349208440 [32m200 [0m6.951 ms - 188[0m
[0mPUT /auth/commands/5a143a84195b351349208440 [32m200 [0m13.917 ms - 188[0m
[0mPUT /auth/commands/5a143a84195b351349208440 [32m200 [0m11.382 ms - 188[0m
[0mPUT /auth/commands/5a143a84195b351349208440 [32m200 [0m5.080 ms - 188[0m
[0mPUT /auth/commands/5a143a84195b351349208440 [32m200 [0m9.675 ms - 196[0m
[0mPUT /auth/commands/5a143a84195b351349208440 [32m200 [0m10.910 ms - 196[0m
[0mPUT /auth/commands/5a143a84195b351349208440 [32m200 [0m4.737 ms - 196[0m
[0mPUT /auth/commands/5a143a84195b351349208440 [32m200 [0m6.356 ms - 206[0m
[0mPUT /auth/commands/5a143a84195b351349208440 [32m200 [0m11.811 ms - 0[0m
[0mPUT /auth/commands/5a143a84195b351349208440 [33m401 [0m2.099 ms - -[0m
[0mPUT /auth/commands/5a143a84195b351349208440 [32m200 [0m12.580 ms - 0[0m
[0mPUT /auth/commands/5a143a84195b351349208440 [32m200 [0m5.889 ms - 0[0m
[0mPOST /auth/commands/5a143a84195b351349208440 [32m201 [0m73.719 ms - 62[0m
[0mPUT /auth/commands/5a143a84195b351349208440 [32m200 [0m5.745 ms - 140[0m
[0mPUT /auth/commands/5a143a84195b351349208440 [32m200 [0m6.193 ms - 150[0m
[0mPUT /auth/commands/5a143a84195b351349208440 [32m200 [0m3.901 ms - 150[0m
[0mPUT /auth/commands/5a143a84195b351349208440 [32m200 [0m11.901 ms - 150[0m
[0mPUT /auth/commands/5a143a84195b351349208440 [32m200 [0m7.223 ms - 156[0m
[0mPUT /auth/commands/5a143a84195b351349208440 [33m400 [0m279.987 ms - 1013[0m
[0mPUT /auth/commands/5a143a84195b351349208440 [32m200 [0m8.837 ms - 156[0m
[0mPUT /auth/commands/5a143a84195b351349208440 [32m200 [0m9.298 ms - 164[0m
[0mPUT /messages/5a143a84195b351349208440 [32m200 [0m24.813 ms - 32[0m
[0mPUT /messages/5a143a84195b351349208440 [32m200 [0m20586.129 ms - 32[0m
[0mPUT /messages/5a143a84195b351349208440 [33m400 [0m40598.684 ms - 20[0m
[0mPOST /messages [32m201 [0m15.568 ms - 62[0m
[0mPUT /messages/5a143a84195b351349208440 [32m200 [0m5758.394 ms - 32[0m
[0mPUT /messages/5a143a84195b351349208440 [32m200 [0m2826.070 ms - 32[0m
[0mPUT /messages/5a143a84195b351349208440 [32m200 [0m34.863 ms - 32[0m
[0mPUT /messages/5a143a84195b351349208440 [32m200 [0m5.384 ms - 32[0m
[0mPUT /messages/5a143a84195b351349208440 [32m200 [0m31.889 ms - 32[0m
[0mPUT /messages/5a143a84195b351349208440 [33m400 [0m27.631 ms - 20[0m
[0mPOST /messages [32m201 [0m92.934 ms - 62[0m
[0mPUT /messages/5a143a84195b351349208440 [33m400 [0m11.520 ms - 28[0m
[0mPUT /messages/5a143a84195b351349208440 [33m400 [0m2.561 ms - 28[0m
[0mPUT /messages/5a143a84195b351349208440 [33m400 [0m32.139 ms - 28[0m
[0mPUT /messages/5a143a84195b351349208440 [33m400 [0m61534.635 ms - 28[0m
[0mPUT /messages/5a143a84195b351349208440 [32m200 [0m2342.389 ms - 32[0m
[0mPUT /messages/5a143a84195b351349208440 [32m200 [0m30.388 ms - 32[0m
[0mPUT /messages/5a143a84195b351349208440 [32m200 [0m34.861 ms - 32[0m
[0mPUT /messages/5a143a84195b351349208440 [32m200 [0m30.649 ms - 32[0m
[0mPUT /messages/5a143a84195b351349208440 [32m200 [0m39.006 ms - 32[0m
[0mPOST /messages [32m201 [0m76.446 ms - 62[0m
[0mPUT /messages/5a143a84195b351349208440 [32m200 [0m4.474 ms - 32[0m
[0mPOST /messages [33m400 [0m10.728 ms - 52[0m
[0mPOST /messages [33m400 [0m44.745 ms - 52[0m
[0mPUT /messages/5a143a84195b351349208440 [33m400 [0m305.350 ms - 1013[0m
[0mPOST /messages [32m201 [0m78.683 ms - 62[0m
[0mPOST /messages [32m201 [0m9.827 ms - 62[0m
[0mPOST /messages [32m201 [0m2531.326 ms - 62[0m
[0mPOST /messages [33m400 [0m595.772 ms - 989[0m
[0mPOST /messages [32m201 [0m2047.263 ms - 62[0m
[0mPOST /messages [32m201 [0m1664.817 ms - 62[0m
[0mPOST /messages [32m201 [0m1737.257 ms - 62[0m
[0mPOST /messages [32m201 [0m32.403 ms - 62[0m
[0mPOST /messages [32m201 [0m6.522 ms - 62[0m
[0mPOST /messages [32m201 [0m32.892 ms - 62[0m
[0mPOST /messages [32m201 [0m6.616 ms - 62[0m
[0mPOST /messages [32m201 [0m3.949 ms - 62[0m
[0mPOST /messages [32m201 [0m30.451 ms - 62[0m
[0mPOST /messages [32m201 [0m33.755 ms - 62[0m
[0mPOST /messages [33m400 [0m6.704 ms - 52[0m
[0mPOST /messages [32m201 [0m5.215 ms - 62[0m
[0mPOST /notifications/5a143a84195b351349208440 [33m404 [0m273.920 ms - 1772[0m
[0mPOST /notifications/ [33m400 [0m17.569 ms - 48[0m
[0mPOST /notifications/ [32m200 [0m16.536 ms - 57[0m
[0mPOST /notifications/ [32m200 [0m21.823 ms - 57[0m
[0mPOST /notifications/ [32m201 [0m18.484 ms - 70[0m
[0mPOST /notifications/ [32m200 [0m6.510 ms - 57[0m
[0mPOST /notifications/ [32m200 [0m3.242 ms - 57[0m
[0mGET /auth/notifications/5a143a84195b351349208440 [33m401 [0m6.663 ms - -[0m
[0mGET /auth/notifications/5a143a84195b351349208440 [33m401 [0m3.992 ms - -[0m
[0mPOST /signin [32m200 [0m253.824 ms - 184[0m
[0mGET /auth/notifications/5a143a84195b351349208440 [32m200 [0m19.523 ms - 317[0m
[0mPOST /notifications/ [32m200 [0m30.311 ms - 57[0m
[0mPOST /notifications/ [32m200 [0m35.653 ms - 57[0m
[0mPOST /notifications/ [32m200 [0m33.879 ms - 57[0m
[0mPOST /messages [32m201 [0m16.060 ms - 62[0m
[0mPOST /notifications/ [32m200 [0m41.803 ms - 57[0m
[0mPOST /notifications/ [32m201 [0m7.167 ms - 70[0m
[0mPOST /notifications/ [32m200 [0m7.101 ms - 57[0m
[0mPOST /messages [32m201 [0m1811.661 ms - 62[0m
[0mPOST /messages [32m201 [0m35.556 ms - 62[0m
[0mPOST /notifications/ [32m200 [0m7.329 ms - 57[0m
[0mPOST /notifications/ [32m200 [0m36.114 ms - 57[0m
[0mPOST /notifications/ [32m201 [0m27.964 ms - 70[0m
[0mPOST /notifications/ [32m200 [0m9.198 ms - 57[0m
[0mPOST /notifications/ [32m201 [0m98.519 ms - 70[0m
[0mPOST /notifications/ [32m201 [0m5.992 ms - 70[0m
[0mPOST /notifications/ [32m201 [0m120.258 ms - 70[0m
[0mPOST /notifications/ [32m201 [0m3.006 ms - 70[0m
[0mGET /auth/notifications/5a143a84195b351349208440 [32m200 [0m31.145 ms - 613[0m
[0mGET /commands/5a143a84195b351349208440 [32m200 [0m5.364 ms - 35[0m
[0mPOST /signin [32m200 [0m275.706 ms - 184[0m
[0mPOST /files [33m404 [0m292.457 ms - 1772[0m
[0mPOST /files [31m500 [0m240.072 ms - 1906[0m
[0mPOST /files [31m500 [0m53002.976 ms - 1906[0m
[0mPOST /files [33m404 [0m1144.632 ms - 1109[0m
[0mPOST /files [33m404 [0m109.521 ms - 1534[0m
[0mPOST /files [33m404 [0m83.228 ms - 1109[0m
[0mPOST /files [31m500 [0m291.878 ms - 1906[0m
[0mPOST /files [31m500 [0m49568.698 ms - 1906[0m
[0mPOST /files [31m500 [0m260.111 ms - 1906[0m
[0mPOST /files/upload/1a4a3f83197b053329208b40 [33m404 [0m210.421 ms - 1772[0m
[0mPOST /files/upload/1a4a3f83197b053329208b40 [33m404 [0m232.217 ms - 1772[0m
[0mPOST /files/upload/1a4a3f83197b053329208b40 [33m404 [0m16.112 ms - 1772[0m
[0mPOST /files/upload/1a4a3f83197b053329208b40 [33m404 [0m22.650 ms - 1772[0m
[0mPOST /files [32m200 [0m32.835 ms - 51[0m
[0mPOST /files [32m200 [0m41.676 ms - 51[0m
[0mPOST /files [32m200 [0m92.498 ms - 51[0m
[0mPOST /files [32m200 [0m138.864 ms - 51[0m
[0mGET /auth/devices [33m401 [0m8.088 ms - -[0m
[0mPOST /signin [32m200 [0m254.385 ms - 184[0m
[0mGET /auth/devices [32m200 [0m20.518 ms - 453[0m
[0mPOST /files/0a443a84195b351349208440 [33m404 [0m216.672 ms - 1772[0m
[0mPOST /files/0a443a84195b351349208440 [32m200 [0m49.639 ms - 51[0m
[0mGET /auth/files [33m401 [0m4.840 ms - -[0m
[0mGET /auth/files [32m200 [0m22.916 ms - 190[0m
[0mPOST /files/0a443a84195b351349208440 [32m200 [0m67.158 ms - 51[0m
[0mGET /auth/devices [32m200 [0m9.358 ms - 453[0m
[0mPOST /files/5a143a84195b351349208440 [32m200 [0m21.329 ms - 51[0m
[0mGET /auth/files [32m200 [0m7.192 ms - 457[0m
[0mPOST /files/5a143a84195b351349208440 [32m200 [0m14.147 ms - 51[0m
[0mPOST /files/5a143a84195b351349208440 [32m200 [0m27.809 ms - 51[0m
[0mPOST /files/0a443a84195b351349208440 [32m200 [0m27.243 ms - 51[0m
[0mPOST /files/0a443a84195b351349208440 [32m200 [0m51.929 ms - 51[0m
[0mGET /auth/files [32m200 [0m10.320 ms - 835[0m
[0mGET /auth/files/device/5a143a84195b351349208440 [32m200 [0m15.377 ms - 457[0m
[0mGET /auth/files/5ac372489a8d94314926523c [32m200 [0m4.259 ms - 2[0m
[0mGET /auth/files/5ac372489a8d94314926523c [32m200 [0m4.054 ms - 2[0m
[0mGET /auth/files/5ac372489a8d94314926523c [32m200 [0m23.974 ms - 266[0m
[0mGET /auth/files/5ac372489a8d94314926523c [32m200 [0m28.317 ms - 516977[0m
[0mGET /auth/files/5ac3724e9a8d94314926523d [32m200 [0m12.913 ms - 2883677[0m
[0mPOST /signin [32m200 [0m274.851 ms - 183[0m
[0mPOST /auth/commands/5a143a84195b351349208440 [33m400 [0m43.888 ms - 47[0m
[0mPOST /auth/commands/5a143a84195b351349208440 [33m400 [0m42.129 ms - 73[0m
[0mPOST /auth/commands/5a143a84195b351349208440 [33m400 [0m48.037 ms - 73[0m
[0mPUT /auth/commands/5a143a84195b351349208440 [32m200 [0m17.967 ms - 17[0m
[0mPUT /auth/commands/5a143a84195b351349208440 [32m200 [0m8.138 ms - 17[0m
[0mPUT /auth/commands/5a143a84195b351349208440 [32m200 [0m10.016 ms - 17[0m
[0mPUT /auth/commands/5a143a84195b351349208440 [32m200 [0m7.427 ms - 17[0m
[0mPUT /auth/commands/5a143a84195b351349208440 [32m200 [0m20563.681 ms - 17[0m
[0mPOST /auth/commands/5a143a84195b351349208440 [32m200 [0m34.732 ms - 62[0m
[0mPUT /auth/commands/5a143a84195b351349208440 [32m200 [0m70199.958 ms - 17[0m
[0mPUT /auth/commands/5a143a84195b351349208440 [32m200 [0m6652.237 ms - 17[0m
[0mPUT /auth/commands/5a143a84195b351349208440 [32m200 [0m2233.028 ms - 17[0m
[0mPUT /auth/commands/5a143a84195b351349208440 [32m200 [0m24732.738 ms - 17[0m
[0mPUT /auth/commands/5a143a84195b351349208440 [33m400 [0m3323.717 ms - 48[0m
[0mPUT /auth/commands/5a143a84195b351349208440 [33m400 [0m2028.472 ms - 48[0m
[0mPUT /auth/commands/5a143a84195b351349208440 [33m400 [0m55.359 ms - 5[0m
[0mPUT /auth/commands/5a143a84195b351349208440 [33m400 [0m27685.549 ms - 5[0m
[0mPUT /auth/commands/5a143a84195b351349208440 [33m400 [0m2544.742 ms - 5[0m
[0mPUT /auth/commands/5a143a84195b351349208440 [33m400 [0m3870.856 ms - 5[0m
[0mPUT /auth/commands/5a143a84195b351349208440 [0m- [0m- ms - -[0m
[0mPUT /auth/commands/5a143a84195b351349208440 [33m400 [0m43.917 ms - 5[0m
[0mPUT /auth/commands/5a143a84195b351349208440 [33m400 [0m48.013 ms - 5[0m
[0mPUT /auth/commands/5a143a84195b351349208440 [33m400 [0m19573.266 ms - 5[0m
[0mPOST /auth/commands/5a143a84195b351349208440 [32m200 [0m30.317 ms - 62[0m
[0mPUT /auth/commands/5a143a84195b351349208440 [0m- [0m- ms - -[0m
[0mPUT /auth/commands/5a143a84195b351349208440 [0m- [0m- ms - -[0m
[0mPUT /auth/commands/5a143a84195b351349208440 [0m- [0m- ms - -[0m
[0mPUT /auth/commands/5a143a84195b351349208440 [33m400 [0m121705.765 ms - 194[0m
[0mPOST /devices/ [33m400 [0m36.565 ms - 70[0m
[0mPOST /devices/ [32m201 [0m22.676 ms - 55[0m
[0mPOST /auth/commands/5a143a84195b351349208440 [33m400 [0m22.489 ms - 73[0m
[0mPUT /auth/commands/5a143a84195b3f1349208440 [33m400 [0m7.793 ms - 5[0m
[0mGET /auth/devices [33m401 [0m3.770 ms - -[0m
[0mGET /auth/devices [33m403 [0m10.651 ms - 43[0m
[0mPOST /signin [32m200 [0m240.905 ms - 184[0m
[0mGET /auth/devices [32m200 [0m7.854 ms - 112[0m
[0mPUT /auth/commands/5a143a84195b3f1349208440 [33m400 [0m5.591 ms - 5[0m
[0mPOST /auth/commands/5a143a84195b351349208440 [33m400 [0m13.214 ms - 73[0m
[0mPOST /auth/commands/5a143a84195b351349208440 [32m200 [0m81.971 ms - 62[0m
[0mPUT /auth/commands/5a143a84195b3f1349208440 [33m400 [0m5.733 ms - 5[0m
[0mPUT /auth/commands/5a143a84195b3f1349208440 [33m400 [0m11363.545 ms - 5[0m
[0mPUT /auth/commands/5a143a84195b351349208440 [33m400 [0m34769.454 ms - 194[0m
[0mPOST /auth/commands/5a143a84195b351349208440 [32m200 [0m110.705 ms - 62[0m
[0mPUT /auth/commands/5a143a84195b351349208440 [33m400 [0m1969.099 ms - 182[0m
[0mPUT /auth/commands/5a143a84195b351349208440 [33m400 [0m222503.248 ms - 182[0m
[0mPUT /auth/commands/5a143a84195b351349208440 [33m400 [0m39.369 ms - 182[0m
[0mPUT /auth/commands/5a143a84195b351349208440 [32m200 [0m46.855 ms - 173[0m
[0mPUT /auth/commands/5a143a84195b351349208440 [32m200 [0m62.579 ms - 175[0m
[0mPUT /auth/commands/5a143a84195b351349208440 [33m400 [0m41.489 ms - 182[0m
[0mPUT /auth/commands/5a143a84195b351349208440 [33m400 [0m22590.103 ms - 290[0m
[0mPUT /auth/commands/5a143a84195b351349208440 [33m401 [0m20.925 ms - -[0m
[0mPOST /signin [32m200 [0m279.354 ms - 183[0m
[0mPUT /auth/commands/5a143a84195b351349208440 [33m400 [0m15.859 ms - 290[0m
[0mPUT /auth/commands/5a143a84195b351349208440 [33m400 [0m4279.046 ms - 290[0m
[0mPUT /auth/commands/5a143a84195b351349208440 [33m400 [0m10985.248 ms - 290[0m
[0mPUT /auth/commands/5a143a84195b351349208440 [33m400 [0m33.737 ms - 290[0m
[0mPUT /auth/commands/5a143a84195b351349208440 [33m400 [0m53.679 ms - 290[0m
[0mPUT /auth/commands/5a143a84195b351349208440 [32m200 [0m68.669 ms - 290[0m
[0mPUT /auth/commands/5a143a84195b351349208440 [32m200 [0m58.438 ms - 175[0m
[0mPUT /auth/commands/5a143a84195b351349208440 [32m200 [0m67.786 ms - 175[0m
[0mPUT /auth/commands/5a143a84195b351349208440 [32m200 [0m37.734 ms - 175[0m
[0mPUT /auth/commands/5a143a84195b351349208440 [32m200 [0m69.552 ms - 182[0m
[0mPUT /auth/commands/5a143a84195b351349208440 [32m200 [0m40.484 ms - 127[0m
[0mPUT /auth/commands/5a143a84195b351349208440 [32m200 [0m67.541 ms - 173[0m
[0mPUT /auth/commands/5a143a84195b351349208440 [32m200 [0m35.488 ms - 7[0m
[0mPUT /auth/commands/5a143a84195b351349208440 [32m200 [0m36.749 ms - 173[0m
[0mPUT /auth/commands/5a143a84195b351349208440 [32m200 [0m40.406 ms - 173[0m
[0mPUT /auth/commands/5a143a84195b351349208440 [32m200 [0m42.687 ms - 173[0m
[0mPUT /auth/commands/5a143a84195b351349208440 [32m200 [0m44.082 ms - 7[0m
[0mPUT /auth/commands/5a143a84195b351349208440 [32m200 [0m38.932 ms - 53[0m
[0mPUT /auth/commands/5a143a84195b351349208440 [0m- [0m- ms - -[0m
[0mPUT /auth/commands/5a143a84195b351349208440 [0m- [0m- ms - -[0m
[0mPUT /auth/commands/5a143a84195b351349208440 [32m200 [0m41.495 ms - 53[0m
[0mPUT /auth/commands/5a143a84195b351349208440 [32m200 [0m46.310 ms - 53[0m
[0mPUT /auth/commands/5a143a84195b351349208440 [32m200 [0m40.073 ms - 71[0m
[0mPUT /auth/commands/5a143a84195b351349208440 [32m200 [0m34.722 ms - 38[0m
[0mPUT /auth/commands/5a143a84195b351349208440 [32m200 [0m39.693 ms - 20[0m
[0mPUT /auth/commands/5a143a84195b351349208440 [0m- [0m- ms - -[0m
[0mPUT /auth/commands/5a143a84195b351349208440 [0m- [0m- ms - -[0m
[0mPUT /auth/commands/5a143a84195b351349208440 [0m- [0m- ms - -[0m
[0mPUT /auth/commands/5a143a84195b351349208440 [0m- [0m- ms - -[0m
[0mPUT /auth/commands/5a143a84195b351349208440 [32m200 [0m49.620 ms - 10[0m
[0mPUT /auth/commands/5a143a84195b351349208440 [32m200 [0m43.722 ms - 11[0m
[0mPUT /auth/commands/5a143a84195b351349208440 [32m200 [0m53632.024 ms - 11[0m
[0mPUT /auth/commands/5a143a84195b351349208440 [32m200 [0m2722.900 ms - 16[0m
[0mPUT /auth/commands/5a143a84195b351349208440 [32m200 [0m8230.669 ms - 100[0m
[0mPUT /auth/commands/5a143a84195b351349208440 [32m200 [0m40.158 ms - 16[0m
[0mPUT /auth/commands/5a143a84195b351349208440 [32m200 [0m36.134 ms - 16[0m
[0mPUT /auth/commands/5a143a84195b351349208440 [32m200 [0m59.065 ms - 16[0m
[0mPUT /auth/commands/5a143a84195b351349208440 [32m200 [0m38.261 ms - 16[0m
[0mPUT /auth/commands/5a143a84195b351349208440 [32m200 [0m9227.315 ms - 16[0m
[0mPUT /auth/commands/5a143a84195b351349208440 [32m200 [0m35.781 ms - 16[0m
[0mPUT /auth/commands/5a143a84195b351349208440 [32m200 [0m32.180 ms - 16[0m
[0mPUT /auth/commands/5a143a84195b351349208440 [32m200 [0m42.455 ms - 16[0m
[0mPUT /auth/commands/5a143a84195b351349208440 [32m200 [0m33.848 ms - 32[0m
[0mPUT /auth/commands/5a143a84195b351349208440 [32m200 [0m10.921 ms - 32[0m
[0mPUT /auth/commands/5a143a84195b351349208440 [32m200 [0m11.800 ms - 7[0m
[0mPUT /auth/commands/5a143a84195b351349208440 [32m200 [0m5.284 ms - 32[0m
[0mPUT /auth/commands/5a143a84195b351349208440 [32m200 [0m9.697 ms - 30[0m
[0mPUT /auth/commands/5a143a84195b351349208440 [32m200 [0m34.260 ms - 30[0m
[0mPUT /auth/commands/5a143a84195b351349208440 [32m200 [0m8.259 ms - 16[0m
[0mPUT /auth/commands/5a143a84195b351349208440 [32m200 [0m6.952 ms - 15[0m
[0mPUT /auth/commands/5a143a84195b351349208440 [32m200 [0m8.960 ms - 15[0m
[0mPUT /auth/commands/5a143a84195b351349208440 [33m401 [0m19.505 ms - -[0m
[0mPOST /signin [32m200 [0m250.657 ms - 183[0m
[0mPUT /auth/commands/5a143a84195b351349208440 [32m200 [0m17.455 ms - 28[0m
[0mPUT /auth/commands/5a143a84195b351349208440 [32m200 [0m37.539 ms - -[0m
[0mPUT /auth/commands/5a143a84195b351349208440 [32m200 [0m6.277 ms - -[0m
[0mPUT /auth/commands/5a143a84195b351349208440 [32m200 [0m8.043 ms - -[0m
[0mPUT /auth/commands/5a143a84195b351349208440 [32m200 [0m67.117 ms - -[0m
[0mPUT /auth/commands/5a143a84195b351349208440 [32m200 [0m151.772 ms - -[0m
[0mPUT /auth/commands/5a143a84195b351349208440 [32m200 [0m10.995 ms - -[0m
[0mPOST /auth/commands/5a143a84195b351349208440 [32m200 [0m75.146 ms - 62[0m
[0mPUT /auth/commands/5a143a84195b351349208440 [32m200 [0m7.124 ms - -[0m
[0mPUT /auth/commands/5a143a84195b351349208440 [32m200 [0m9.728 ms - -[0m
[0mPUT /auth/commands/5a143a84195b351349208440 [32m200 [0m4.242 ms - -[0m
[0mPUT /auth/commands/5a143a84195b351349208440 [32m200 [0m6561.748 ms - -[0m
[0mPUT /auth/commands/5a143a84195b351349208440 [32m200 [0m2214.554 ms - 28[0m
[0mPUT /auth/commands/5a143a84195b351349208440 [32m200 [0m2282.062 ms - 28[0m
[0mPUT /auth/commands/5a143a84195b351349208440 [32m200 [0m30002.109 ms - 28[0m
[0mGET /commands/5a143a84195b351349208440 [32m200 [0m23.498 ms - 44[0m
[0mGET /commands/5a143a84195b351349208440 [33m400 [0m21.581 ms - 44[0m
[0mGET /commands/5a143a84195b351349208440 [32m200 [0m35.239 ms - 44[0m
[0mPUT /auth/commands/5a143a84195b351349208440 [33m401 [0m39.281 ms - -[0m
[0mPOST /signin [32m200 [0m250.985 ms - 183[0m
[0mPUT /auth/commands/5a143a84195b351349208440 [32m200 [0m3693.902 ms - 28[0m
[0mGET /commands/5a143a84195b351349208440 [32m200 [0m5.821 ms - 7[0m
[0mPOST /auth/commands/5a143a84195b351349208440 [33m401 [0m24.606 ms - -[0m
[0mPOST /auth/commands/5a143a84195b351349208440 [32m200 [0m31.164 ms - 338[0m
[0mPOST /auth/commands/5a143a84195b351349208440 [32m200 [0m64.320 ms - 123[0m
[0mPOST /auth/commands/5a143a84195b351349208440 [32m200 [0m43.731 ms - 133[0m
[0mPOST /auth/commands/5a143a84195b351349208440 [32m200 [0m66.640 ms - 62[0m
[0mPUT /applist [33m404 [0m298.028 ms - 1772[0m
[0mPOST /applist [32m201 [0m20.861 ms - 48[0m
[0mPOST /applist [32m201 [0m48.408 ms - 48[0m
[0mPOST /applist [32m201 [0m31.413 ms - 375[0m
[0mPOST /applist [32m201 [0m5.989 ms - 375[0m
[0mPOST /applist [32m201 [0m35.988 ms - 48[0m
[0mPOST /applist [32m201 [0m28.936 ms - 149[0m
[0mGET /auth/applist [33m401 [0m11.212 ms - -[0m
[0mGET /auth/applist [33m401 [0m17.494 ms - 43[0m
[0mPOST /signin [32m200 [0m231.317 ms - 184[0m
[0mPOST /auth/commands/5a143a84195b351349208440 [32m200 [0m10.675 ms - 133[0m
[0mGET /auth/applist [32m200 [0m9.100 ms - 215[0m
[0mGET /auth/applist [33m401 [0m24.834 ms - 66[0m
[0mGET /auth/applist [33m401 [0m24.512 ms - 43[0m
[0mGET /auth/applist [33m401 [0m32.506 ms - 43[0m
[0mGET /auth/applist [33m401 [0m14.602 ms - 43[0m
[0mGET /auth/applist [33m401 [0m25.399 ms - 43[0m
[0mGET /auth/applist [33m401 [0m25.394 ms - 66[0m
[0mGET /auth/applist [33m401 [0m45.013 ms - 43[0m
[0mGET /auth/applist [33m401 [0m61.146 ms - 43[0m
[0mGET /auth/applist [33m401 [0m6.284 ms - 43[0m
[0mGET /auth/applist [33m401 [0m8.081 ms - 43[0m
[0mGET /auth/applist [0m- [0m- ms - -[0m
[0mGET /auth/applist [32m200 [0m24.646 ms - 16[0m
[0mGET /auth/applist [32m200 [0m29.078 ms - 132[0m
[0mPOST /signin [32m200 [0m275.387 ms - 184[0m
[0mGET /auth/applist/5ac22badafb82727dbd9d2d2 [32m200 [0m20.373 ms - 18[0m
[0mGET /auth/applist [33m401 [0m1.819 ms - -[0m
[0mGET /auth/applist [32m200 [0m23.719 ms - 132[0m
[0mPOST /applist [32m201 [0m29.164 ms - 149[0m
[0mPOST /applist [32m201 [0m33.378 ms - 149[0m
[0mGET /auth/applist [32m200 [0m22.086 ms - 170[0m
[0mGET /auth/applist/5a143a84195b351349208440 [32m200 [0m16.237 ms - 213[0m
[0mPUT /applist/5a143a84195b351349208440 [0m- [0m- ms - -[0m
[0mPUT /applist/5a143a84195b351349208440 [0m- [0m- ms - -[0m
[0mPUT /applist/5a143a84195b351349208440 [32m200 [0m34.559 ms - 213[0m
[0mGET /auth/applist [32m200 [0m17.616 ms - 2[0m
[0mPOST /applist [32m201 [0m68.130 ms - 58[0m
[0mPUT /applist/5a143a84195b351349208440 [32m200 [0m2.249 ms - 210[0m
[0mPUT /applist/5a143a84195b351349208440 [32m200 [0m34.909 ms - 127[0m
[0mPUT /applist/5a143a84195b351349208440 [32m200 [0m32.987 ms - 94[0m
[0mPUT /applist/5a143a84195b351349208440 [32m200 [0m25.122 ms - 94[0m
[0mPUT /applist/5a143a84195b351349208440 [0m- [0m- ms - -[0m
[0mPUT /applist/5a143a84195b351349208440 [32m200 [0m32.604 ms - 94[0m
[0mPUT /applist/5a143a84195b351349208440 [32m200 [0m34.422 ms - 94[0m
[0mPUT /applist/5a143a84195b351349208440 [32m200 [0m25.477 ms - 26[0m
[0mPUT /applist/5a143a84195b351349208440 [32m200 [0m28.551 ms - 26[0m
[0mPUT /applist/5a143a84195b351349208440 [32m200 [0m26.660 ms - 26[0m
[0mPUT /applist/5a143a84195b351349208440 [32m200 [0m30.219 ms - 36[0m
[0mPUT /applist/5a143a84195b351349208440 [32m200 [0m36.269 ms - 50[0m
[0mPUT /applist/5a143a84195b351349208440 [32m200 [0m28.152 ms - 26[0m
[0mPUT /applist/5a143a84195b351349208440 [32m200 [0m33.820 ms - 50[0m
[0mPOST /signin [32m200 [0m292.692 ms - 183[0m
[0mPOST /applist [32m201 [0m29.554 ms - 149[0m
[0mPOST /applist [33m404 [0m16.581 ms - 1944[0m
[0mPOST /apps [32m201 [0m25.440 ms - 149[0m
[0mGET /auth/apps/5a143a84195b351349208440 [33m401 [0m7.903 ms - -[0m
[0mGET /auth/apps/5a143a84195b351349208440 [33m401 [0m23.307 ms - 27[0m
[0mPOST /signin [32m200 [0m242.887 ms - 184[0m
[0mGET /auth/apps/5a143a84195b351349208440 [32m200 [0m14.690 ms - 210[0m
[0mGET /auth/apps/5a143a84195b351349208440 [32m200 [0m12.348 ms - 18[0m
[0mGET /auth/apps/5a143a84195b351349208440 [32m200 [0m23.566 ms - 18[0m
[0mGET /auth/apps/5a143a84195b351349208440 [32m200 [0m7.944 ms - 18[0m
[0mGET /auth/apps/5a143a84195b351349208440 [32m200 [0m24.115 ms - 18[0m
[0mGET /auth/apps/5a143a84195b351349208440 [32m200 [0m28.022 ms - 18[0m
[0mGET /auth/apps/5a143a84195b351349208440 [33m400 [0m31.963 ms - 18[0m
[0mGET /auth/apps/5a143a84195b351349208440 [33m400 [0m35.313 ms - 18[0m
[0mGET /auth/apps/5a143a84195b351349208440 [0m- [0m- ms - -[0m
[0mGET /auth/apps/5a143a84195b351349208440 [0m- [0m- ms - -[0m
[0mGET /auth/apps/5a143a84195b351349208440 [0m- [0m- ms - -[0m
[0mGET /auth/apps/5a143a84195b351349208440 [0m- [0m- ms - -[0m
[0mGET /auth/apps/5a143a84195b351349208440 [33m400 [0m25.350 ms - 18[0m
[0mPOST /apps [32m201 [0m35.389 ms - 58[0m
[0mPUT /auth/apps/5a143a84195b351349208440 [33m401 [0m3.134 ms - -[0m
[0mPUT /apps/5a143a84195b351349208440 [32m200 [0m24.128 ms - 50[0m
[0mPUT /apps/5a143a84195b351349208440 [32m200 [0m37.952 ms - 39[0m
[0mPUT /apps/5a143a84195b351349208440 [32m200 [0m36.263 ms - 558[0m
[0mPUT /apps/5a143a84195b351349208440 [32m200 [0m25.665 ms - 94[0m
[0mPUT /apps/5a143a84195b351349208440 [32m200 [0m31620.387 ms - 94[0m
[0mPUT /apps/5a143a84195b351349208440 [32m200 [0m31458.506 ms - 94[0m
[0mPUT /apps/5a143a84195b351349208440 [32m200 [0m2429.943 ms - 85[0m
[0mPUT /apps/5a143a84195b351349208440 [32m200 [0m28.580 ms - 36[0m
[0mPUT /apps/5a143a84195b351349208440 [32m200 [0m34.826 ms - 50[0m
[0mPUT /apps/5a143a84195b351349208440 [32m200 [0m26.155 ms - 50[0m
[0mPUT /apps [33m404 [0m22.341 ms - 1944[0m
[0mPUT /apps [33m404 [0m1.414 ms - 1944[0m
[0mPUT /apps [33m404 [0m40.581 ms - 143[0m
[0mPUT /apps/5a143a84195b351349208440 [32m200 [0m2222.260 ms - 50[0m
[0mPUT /apps/5a143a84195b351349208440 [32m200 [0m27.000 ms - 59[0m
[0mPUT /apps/5a143a84195b351349208440 [32m200 [0m36.118 ms - 59[0m
[0mPUT /apps/5a143a84195b351349208440 [32m200 [0m33.912 ms - 135[0m
[0mPUT /apps/5a143a84195b351349208440 [32m200 [0m28.608 ms - 141[0m
[0mPUT /apps/5a143a84195b351349208440 [32m200 [0m37.916 ms - 145[0m
[0mPUT /apps/5a143a84195b351349208440 [32m200 [0m38.577 ms - 145[0m
[0mPUT /apps/5a143a84195b351349208440 [32m200 [0m34.892 ms - 71[0m
[0mPUT /apps/5a143a84195b351349208440 [32m200 [0m4.801 ms - 77[0m
[0mPUT /apps/5a143a84195b351349208440 [32m200 [0m44.237 ms - 72[0m
[0mPUT /apps/5a143a84195b351349208440 [32m200 [0m28.240 ms - 144[0m
[0mPOST /apps [32m201 [0m20.987 ms - 58[0m
[0mPUT /apps/5a143a84195b351349208440 [32m200 [0m4.275 ms - 57[0m
[0mPUT /apps/5a143a84195b351349208440 [32m200 [0m33.208 ms - 69[0m
[0mPUT /apps/5a143a84195b351349208440 [0m- [0m- ms - -[0m
[0mPUT /apps/5a143a84195b351349208440 [32m200 [0m2869.766 ms - 69[0m
[0mPUT /apps/5a143a84195b351349208440 [32m200 [0m36.488 ms - 69[0m
[0mPUT /apps/5a143a84195b351349208440 [32m200 [0m39.642 ms - 129[0m
[0mPUT /apps/5a143a84195b351349208440 [0m- [0m- ms - -[0m
[0mPUT /apps/5a143a84195b351349208440 [0m- [0m- ms - -[0m
[0mPUT /apps/5a143a84195b351349208440 [32m200 [0m36.750 ms - 129[0m
[0mPUT /apps/5a143a84195b351349208440 [32m200 [0m3.063 ms - 129[0m
[0mPUT /apps/5a143a84195b351349208440 [32m200 [0m33.484 ms - 129[0m
[0mPUT /apps/5a143a84195b351349208440 [32m200 [0m45.855 ms - 17[0m
[0mPUT /apps/5a143a84195b351349208440 [32m200 [0m32.037 ms - 129[0m
[0mPUT /apps/5a143a84195b351349208440 [32m200 [0m26.704 ms - 208[0m
[0mPUT /apps/5a143a84195b351349208440 [32m200 [0m31.099 ms - 17[0m
[0mPUT /apps/5a143a84195b351349208440 [32m200 [0m40.241 ms - 118[0m
[0mPUT /apps/5a143a84195b351349208440 [32m200 [0m4.891 ms - 144[0m
[0mPUT /apps/5a143a84195b351349208440 [32m200 [0m10.848 ms - 144[0m
[0mPUT /apps/5a143a84195b351349208440 [32m200 [0m3.470 ms - 144[0m
[0mPUT /apps/5a143a84195b351349208440 [32m200 [0m36588.895 ms - 168[0m
[0mPUT /apps/5a143a84195b351349208440 [32m200 [0m21896.553 ms - 144[0m
[0mPUT /apps/5a143a84195b351349208440 [32m200 [0m3076.700 ms - 144[0m
[0mPUT /apps/5a143a84195b351349208440 [32m200 [0m44.594 ms - 144[0m
[0mPUT /apps/5a143a84195b351349208440 [32m200 [0m11.795 ms - 144[0m
[0mPUT /apps/5a143a84195b351349208440 [32m200 [0m6.165 ms - 152[0m
[0mPUT /apps/5a143a84195b351349208440 [32m200 [0m31.905 ms - 152[0m
[0mPUT /apps/5a143a84195b351349208440 [32m200 [0m39.142 ms - 152[0m
[0mPUT /apps/5a143a84195b351349208440 [32m200 [0m5.643 ms - 144[0m
[0mPOST /apps [32m201 [0m32.488 ms - 17[0m
[0mPOST /apps [32m201 [0m12.396 ms - 58[0m
[0mPUT /apps/5a143a84195b351349208440 [32m200 [0m15.799 ms - 2[0m
[0mPUT /apps/5a143a84195b351349208440 [32m200 [0m25.908 ms - 2[0m
[0mPUT /apps/5a143a84195b351349208440 [32m200 [0m55957.951 ms - 2[0m
[0mPUT /apps/5a143a84195b351349208440 [32m200 [0m63147.518 ms - 2[0m
[0mPUT /apps/5a143a84195b351349208440 [32m200 [0m63517.738 ms - 34[0m
[0mPUT /apps/5a143a84195b351349208440 [32m200 [0m2762.356 ms - 34[0m
[0mPUT /apps/5a143a84195b351349208440 [32m200 [0m2533.814 ms - 41[0m
[0mPUT /apps/5a143a84195b351349208440 [32m200 [0m2272.722 ms - 43[0m
[0mPUT /apps/5a143a84195b351349208440 [32m200 [0m31.234 ms - 28[0m
[0mPOST /calls/5a143a84195b351349208440 [33m404 [0m2.874 ms - 170[0m
[0mPOST /calls/5a143a84195b351349208440 [32m201 [0m33.421 ms - 54[0m
[0mPOST /calls/5a143a84195b351349208440 [33m400 [0m9.507 ms - 44[0m
[0mPOST /calls/5a143a84195b351349208440 [33m400 [0m2.993 ms - 44[0m
[0mPOST /calls/5a143a84195b351349208440 [33m400 [0m34.358 ms - 146[0m
[0mPOST /calls/5a143a84195b351349208440 [33m400 [0m98682.179 ms - 146[0m
[0mPUT /calls/5a143a84195b351349208440 [33m404 [0m2.505 ms - 169[0m
[0mPUT /calls/5a143a84195b351349208440 [33m404 [0m25.649 ms - 169[0m
[0mPUT /calls/5a143a84195b351349208440 [33m404 [0m21.311 ms - 169[0m
[0mPUT /calls/5a143a84195b351349208440 [33m400 [0m24.452 ms - 15[0m
[0mPUT /calls/5a143a84195b351349208440 [32m200 [0m29.181 ms - 2[0m
[0mPUT /calls/5a143a84195b351349208440 [32m200 [0m97501.461 ms - 2[0m
[0mPUT /calls/5a143a84195b351349208440 [32m200 [0m10483.305 ms - 2[0m
[0mPUT /calls/5a143a84195b351349208440 [32m200 [0m2325.210 ms - 2[0m
[0mPUT /apps/5a143a84195b351349208440 [32m200 [0m4.785 ms - 28[0m
[0mPOST /calls/5a143a84195b351349208440 [33m400 [0m18.101 ms - 146[0m
[0mPUT /calls/5a143a84195b351349208440 [32m200 [0m2647.163 ms - 2[0m
[0mPUT /calls/5a143a84195b351349208440 [32m200 [0m3135.625 ms - 2[0m
[0mPUT /calls/5a143a84195b351349208440 [32m200 [0m35.730 ms - 2[0m
[0mPUT /calls/5a143a84195b351349208440 [32m200 [0m42.021 ms - 2[0m
[0mPUT /apps/5a143a84195b351349208440 [32m200 [0m4.914 ms - 28[0m
[0mPUT /apps/5a143a84195b351349208440 [32m200 [0m33.882 ms - 28[0m
[0mPUT /apps/5a143a84195b351349208440 [32m200 [0m5.813 ms - 28[0m
[0mPUT /apps/5a143a84195b351349208440 [32m200 [0m81983.361 ms - 28[0m
[0mPOST /apps [0m- [0m- ms - -[0m
[0mPOST /apps/5a143a84195b351349208440 [33m404 [0m3.108 ms - 169[0m
[0mPOST /apps/5a143a84195b351349208440 [33m404 [0m15.555 ms - 169[0m
[0mPOST /apps/5a143a84195b351349208440 [33m400 [0m40.762 ms - 149[0m
[0mPUT /apps/5a143a84195b351349208440 [32m200 [0m24.891 ms - 28[0m
[0mPUT /apps/5a143a84195b351349208440 [32m200 [0m59877.343 ms - 28[0m
[0mPOST /apps/5a143a84195b351349208440 [0m- [0m- ms - -[0m
[0mPUT /apps/5a143a84195b351349208440 [32m200 [0m76749.137 ms - 28[0m
[0mPUT /apps/5a143a84195b351349208440 [32m200 [0m39935.278 ms - 28[0m
[0mPUT /apps/5a143a84195b351349208440 [33m400 [0m48.079 ms - 18[0m
[0mPOST /apps/5a143a84195b351349208440 [0m- [0m- ms - -[0m
[0mPOST /apps/5a143a84195b351349208440 [33m400 [0m9.795 ms - 149[0m
[0mPOST /apps/5a143a84195b351349208440 [32m200 [0m26.889 ms - 149[0m
[0mPOST /apps/5a143a84195b351349208440 [32m200 [0m4.224 ms - 149[0m
[0mPUT /apps/5a143a84195b351349208440 [32m200 [0m16.827 ms - 28[0m
[0mPOST /apps/5a143a84195b351349208440 [32m200 [0m29.323 ms - 58[0m
[0mPUT /apps/5a143a84195b351349208440 [32m200 [0m29.856 ms - 28[0m
[0mPUT /apps/5a143a84195b351349208440 [32m200 [0m5.721 ms - 28[0m
[0mPUT /apps/5a143a84195b351349208440 [32m200 [0m36.885 ms - 28[0m
[0mPUT /apps/5a143a84195b351349208440 [32m200 [0m36.404 ms - 28[0m
[0mPUT /apps/5a143a84195b351349208440 [32m200 [0m42.882 ms - 28[0m
[0mPUT /apps/5a143a84195b351349208440 [32m200 [0m4167.010 ms - 28[0m
[0mPUT /apps/5a143a84195b351349208440 [32m200 [0m42.817 ms - 28[0m
[0mPUT /apps/5a143a84195b351349208440 [32m200 [0m9.542 ms - 28[0m
[0mPUT /apps/5a143a84195b351349208440 [32m200 [0m39.008 ms - 28[0m
[0mPOST /apps/5a143a84195b351349208440 [32m200 [0m16.281 ms - 58[0m
[0mPUT /apps/5a143a84195b351349208440 [32m200 [0m2002.158 ms - 28[0m
[0mPUT /apps/5a143a84195b351349208440 [32m200 [0m2933.743 ms - 28[0m
[0mPUT /apps/5a143a84195b351349208440 [32m200 [0m1687.935 ms - 28[0m
[0mPUT /apps/5a143a84195b351349208440 [0m- [0m- ms - -[0m
[0mPUT /apps/5a143a84195b351349208440 [32m200 [0m38.513 ms - 28[0m
[0mPOST /apps/5a143a84195b351349208440 [32m200 [0m35.794 ms - 58[0m
[0mPUT /apps/5a143a84195b351349208440 [32m200 [0m22.386 ms - 28[0m
[0mPUT /apps/5a143a84195b351349208440 [32m200 [0m58845.470 ms - 28[0m
[0mPOST /apps/5a143a84195b351349208440 [32m200 [0m16.067 ms - 58[0m
[0mPUT /apps/5a143a84195b351349208440 [32m200 [0m5932.101 ms - 28[0m
[0mPUT /apps/5a143a84195b351349208440 [32m200 [0m36.306 ms - 28[0m
[0mPUT /apps/5a143a84195b351349208440 [32m200 [0m4.825 ms - 28[0m
[0mPUT /apps/5a143a84195b351349208440 [32m200 [0m5.705 ms - 28[0m
[0mPUT /apps/5a143a84195b351349208440 [32m200 [0m3.787 ms - 28[0m
[0mPUT /apps/5a143a84195b351349208440 [32m200 [0m10.084 ms - 28[0m
[0mPUT /apps/5a143a84195b351349208440 [32m200 [0m5.976 ms - 28[0m
[0mPUT /apps/5a143a84195b351349208440 [32m200 [0m3.994 ms - 28[0m
[0mPUT /apps/5a143a84195b351349208440 [32m200 [0m4.016 ms - 28[0m
[0mPUT /apps/5a143a84195b351349208440 [32m200 [0m4.422 ms - 28[0m
[0mPUT /apps/5a143a84195b351349208440 [32m200 [0m78749.020 ms - 28[0m
[0mPUT /apps/5a143a84195b351349208440 [32m200 [0m85316.134 ms - 28[0m
[0mPUT /apps/5a143a84195b351349208440 [32m200 [0m38.985 ms - 28[0m
[0mPUT /apps/5a143a84195b351349208440 [32m200 [0m12.116 ms - 28[0m
[0mPOST /apps/5a143a84195b351349208440 [32m200 [0m40.755 ms - 58[0m
[0mPUT /apps/5a143a84195b351349208440 [32m200 [0m105620.809 ms - 50[0m
[0mPUT /apps/5a143a84195b351349208440 [32m200 [0m2989.709 ms - 50[0m
[0mPUT /apps/5a143a84195b351349208440 [32m200 [0m2756.044 ms - 50[0m
[0mPOST /apps/5a143a84195b351349208440 [32m200 [0m85.521 ms - 58[0m
[0mPUT /apps/5a143a84195b351349208440 [32m200 [0m15.873 ms - 39[0m
[0mPUT /apps/5a143a84195b351349208440 [32m200 [0m4.162 ms - 39[0m
[0mPUT /apps/5a143a84195b351349208440 [32m200 [0m29.632 ms - 39[0m
[0mPUT /apps/5a143a84195b351349208440 [32m200 [0m32.262 ms - 39[0m
[0mPOST /apps/5a143a84195b351349208440 [32m200 [0m30.386 ms - 58[0m
[0mPOST /apps/5a143a84195b351349208440 [32m200 [0m28.917 ms - 58[0m
[0mPUT /apps/5a143a84195b351349208440 [32m200 [0m18.630 ms - 39[0m
[0mPOST /apps/5a143a84195b351349208440 [32m200 [0m10.901 ms - 149[0m
[0mPOST /apps/5a143a84195b351349208440 [32m200 [0m6.037 ms - 58[0m
[0mPUT /apps/5a143a84195b351349208440 [32m200 [0m4.159 ms - 39[0m
[0mPUT /apps/5a143a84195b351349208440 [32m200 [0m5.936 ms - 39[0m
[0mPUT /apps/5a143a84195b351349208440 [32m200 [0m45.393 ms - 39[0m
[0mPUT /apps/5a143a84195b351349208440 [32m200 [0m43.831 ms - 39[0m
[0mPUT /apps/5a143a84195b351349208440 [32m200 [0m30.295 ms - 39[0m
[0mPUT /apps/5a143a84195b3s51349208440 [33m400 [0m1.323 ms - 46[0m
[0mPUT /apps/5a143a84195b3s51349208440 [33m400 [0m16.721 ms - 46[0m
[0mPUT /apps/5a143a84195b3s51349208440 [33m400 [0m14.856 ms - 46[0m
[0mPUT /apps/5a143a84195b351349208440 [32m200 [0m27.392 ms - 39[0m
[0mPUT /apps/5a143a84195b351349208440 [32m200 [0m8.335 ms - 39[0m
[0mPUT /apps/5a143a84195b351349208440 [32m200 [0m16.989 ms - 39[0m
[0mPOST /messages [33m400 [0m21.707 ms - 1090[0m
[0mPOST /messages [33m400 [0m1.789 ms - 1077[0m
[0mPOST /messages [33m400 [0m19.177 ms - 52[0m
[0mPOST /messages [33m400 [0m15.918 ms - 46[0m
[0mPOST /devices/ [32m201 [0m90.368 ms - 55[0m
[0mPOST /messages/5a143a84195b3f1349208440 [33m404 [0m18.723 ms - 1944[0m
[0mPOST /messages/5a143a84195b3f1349208440 [32m201 [0m125.428 ms - 62[0m
[0mPOST /messages/5a143a84195b3f1349208440 [32m201 [0m99.835 ms - 62[0m
[0mPOST /messages/5a143a84195b3f1349208440 [33m400 [0m3.530 ms - 1090[0m
[0mPUT /messages/5a143a84195b3f1349208440 [0m- [0m- ms - -[0m
[0mPUT /messages/5a143a84195b3f1349208440 [0m- [0m- ms - -[0m
[0mPUT /messages/5a143a84195b3f1349208440 [32m200 [0m26.848 ms - 199[0m
[0mPUT /messages/5a143a84195b3f1349208440 [32m200 [0m38.049 ms - 28[0m
[0mPOST /messages/5a143a84195b3f1349208440 [32m201 [0m85.264 ms - 62[0m
[0mPUT /messages/5a143a84195b3f1349208440 [32m200 [0m7.142 ms - 28[0m
[0mPUT /messages/5a143a84195b3f1349208440 [32m200 [0m39.535 ms - 28[0m
[0mPUT /messages/5a143a84195b3f1349208440 [32m200 [0m6.393 ms - 28[0m
[0mPUT /messages/5a143a84195b3f1349208440 [32m200 [0m5.611 ms - 28[0m
[0mPUT /messages/5a143a84195b3f1349208440 [32m200 [0m34.330 ms - 28[0m
[0mPUT /messages/5a143a84195b3f1349208440 [32m200 [0m38.223 ms - 28[0m
[0mPUT /messages/5a143a84195b3f1349208440 [32m200 [0m29.405 ms - 28[0m
[0mPUT /messages/5a143a84195b3f1349208440 [32m200 [0m4.279 ms - 28[0m
[0mPUT /messages/5a143a84195b3f1349208440 [32m200 [0m40.657 ms - 28[0m
[0mPUT /messages/5a143a84195b3f1349208440 [32m200 [0m36.204 ms - 28[0m
[0mPUT /messages/5a143a84195b3f1349208440 [32m200 [0m41.422 ms - 28[0m
[0mPOST /messages/5a143a84195b3f1349208440 [32m201 [0m72.027 ms - 62[0m
[0mPUT /messages/5a143a84195b3f1349208440 [32m200 [0m4.134 ms - 28[0m
[0mPUT /messages/5a143a84195b3f1349208440 [32m200 [0m12.096 ms - 28[0m
[0mPUT /messages/5a143a84195b3f1349208440 [32m200 [0m3.702 ms - 28[0m
[0mPUT /messages/5a143a84195b3f1349208440 [32m200 [0m31.305 ms - 28[0m
[0mPUT /messages/5a143a84195b3f1349208440 [32m200 [0m6.858 ms - 28[0m
[0mPUT /messages/5a143a84195b3f1349208440 [32m200 [0m3.739 ms - 28[0m
[0mPUT /messages/5a143a84195b3f1349208440 [32m200 [0m4.250 ms - 28[0m
